2020-04-07 20:45:23.716 [restartedMain] DEBUG com.ponking.pblog.PBlogApplication - Running with Spring Boot v2.1.10.RELEASE, Spring v5.1.11.RELEASE
2020-04-07 20:45:39.853 [http-nio-8080-exec-3] DEBUG com.ponking.pblog.mapper.UserMapper.selectById - ==>  Preparing: SELECT id,username,nickname,password,salt,email,email_md5,last_login,create_time,login_fail,is_disable FROM sys_user WHERE id=? 
2020-04-07 20:45:39.877 [http-nio-8080-exec-3] DEBUG com.ponking.pblog.mapper.UserMapper.selectById - ==> Parameters: 1(Long)
2020-04-07 20:45:39.920 [http-nio-8080-exec-3] DEBUG com.ponking.pblog.mapper.UserMapper.selectById - <==      Total: 1
2020-04-07 20:45:44.602 [http-nio-8080-exec-1] DEBUG com.ponking.pblog.mapper.TagMapper.selectPage - ==>  Preparing: SELECT COUNT(1) FROM blog_tag 
2020-04-07 20:45:44.602 [http-nio-8080-exec-1] DEBUG com.ponking.pblog.mapper.TagMapper.selectPage - ==> Parameters: 
2020-04-07 20:45:44.617 [http-nio-8080-exec-1] DEBUG com.ponking.pblog.mapper.TagMapper.selectPage - ==>  Preparing: SELECT id,name FROM blog_tag LIMIT ?,? 
2020-04-07 20:45:44.617 [http-nio-8080-exec-1] DEBUG com.ponking.pblog.mapper.TagMapper.selectPage - ==> Parameters: 0(Long), 10(Long)
2020-04-07 20:45:44.619 [http-nio-8080-exec-1] DEBUG com.ponking.pblog.mapper.TagMapper.selectPage - <==      Total: 7
2020-04-07 20:46:41.216 [http-nio-8080-exec-4] DEBUG com.ponking.pblog.mapper.TagMapper.selectPage - ==>  Preparing: SELECT COUNT(1) FROM blog_tag 
2020-04-07 20:46:41.216 [http-nio-8080-exec-4] DEBUG com.ponking.pblog.mapper.TagMapper.selectPage - ==> Parameters: 
2020-04-07 20:46:41.218 [http-nio-8080-exec-4] DEBUG com.ponking.pblog.mapper.TagMapper.selectPage - ==>  Preparing: SELECT id,name FROM blog_tag LIMIT ?,? 
2020-04-07 20:46:41.219 [http-nio-8080-exec-4] DEBUG com.ponking.pblog.mapper.TagMapper.selectPage - ==> Parameters: 0(Long), 10(Long)
2020-04-07 20:46:41.221 [http-nio-8080-exec-4] DEBUG com.ponking.pblog.mapper.TagMapper.selectPage - <==      Total: 7
2020-04-07 20:46:45.190 [http-nio-8080-exec-5] DEBUG com.ponking.pblog.mapper.CategoryMapper.selectPage - ==>  Preparing: SELECT COUNT(1) FROM blog_category 
2020-04-07 20:46:45.190 [http-nio-8080-exec-5] DEBUG com.ponking.pblog.mapper.CategoryMapper.selectPage - ==> Parameters: 
2020-04-07 20:46:45.192 [http-nio-8080-exec-5] DEBUG com.ponking.pblog.mapper.CategoryMapper.selectPage - ==>  Preparing: SELECT id,name FROM blog_category LIMIT ?,? 
2020-04-07 20:46:45.193 [http-nio-8080-exec-5] DEBUG com.ponking.pblog.mapper.CategoryMapper.selectPage - ==> Parameters: 0(Long), 10(Long)
2020-04-07 20:46:45.194 [http-nio-8080-exec-5] DEBUG com.ponking.pblog.mapper.CategoryMapper.selectPage - <==      Total: 8
2020-04-07 20:46:49.043 [http-nio-8080-exec-7] DEBUG com.ponking.pblog.mapper.TagMapper.selectList - ==>  Preparing: SELECT id,name FROM blog_tag 
2020-04-07 20:46:49.044 [http-nio-8080-exec-7] DEBUG com.ponking.pblog.mapper.TagMapper.selectList - ==> Parameters: 
2020-04-07 20:46:49.046 [http-nio-8080-exec-7] DEBUG com.ponking.pblog.mapper.TagMapper.selectList - <==      Total: 7
2020-04-07 20:46:49.346 [http-nio-8080-exec-8] DEBUG com.ponking.pblog.mapper.CategoryMapper.selectList - ==>  Preparing: SELECT id,name FROM blog_category 
2020-04-07 20:46:49.347 [http-nio-8080-exec-8] DEBUG com.ponking.pblog.mapper.CategoryMapper.selectList - ==> Parameters: 
2020-04-07 20:46:49.349 [http-nio-8080-exec-8] DEBUG com.ponking.pblog.mapper.CategoryMapper.selectList - <==      Total: 8
2020-04-07 20:46:50.387 [http-nio-8080-exec-9] DEBUG com.ponking.pblog.mapper.CategoryMapper.selectList - ==>  Preparing: SELECT id,name FROM blog_category 
2020-04-07 20:46:50.388 [http-nio-8080-exec-9] DEBUG com.ponking.pblog.mapper.CategoryMapper.selectList - ==> Parameters: 
2020-04-07 20:46:50.390 [http-nio-8080-exec-9] DEBUG com.ponking.pblog.mapper.CategoryMapper.selectList - <==      Total: 8
2020-04-07 20:46:50.407 [http-nio-8080-exec-10] DEBUG com.ponking.pblog.mapper.ArticleMapper.selectPage - ==>  Preparing: SELECT COUNT(1) FROM ( SELECT id,title,summary,image,content,content_md,category_id,create_time,update_time,top,commented,original,source_url,visits,status FROM blog_article ) TOTAL 
2020-04-07 20:46:50.407 [http-nio-8080-exec-10] DEBUG com.ponking.pblog.mapper.ArticleMapper.selectPage - ==> Parameters: 
2020-04-07 20:46:50.415 [http-nio-8080-exec-10] DEBUG com.ponking.pblog.mapper.ArticleMapper.selectPage - ==>  Preparing: SELECT id,title,summary,image,content,content_md,category_id,create_time,update_time,top,commented,original,source_url,visits,status FROM blog_article LIMIT ?,? 
2020-04-07 20:46:50.415 [http-nio-8080-exec-10] DEBUG com.ponking.pblog.mapper.ArticleMapper.selectPage - ==> Parameters: 0(Long), 10(Long)
2020-04-07 20:46:50.422 [http-nio-8080-exec-10] DEBUG com.ponking.pblog.mapper.ArticleMapper.selectPage - <==      Total: 9
2020-04-07 20:56:03.294 [http-nio-8080-exec-4] DEBUG com.ponking.pblog.mapper.CategoryMapper.selectList - ==>  Preparing: SELECT id,name FROM blog_category 
2020-04-07 20:56:03.295 [http-nio-8080-exec-4] DEBUG com.ponking.pblog.mapper.CategoryMapper.selectList - ==> Parameters: 
2020-04-07 20:56:03.299 [http-nio-8080-exec-4] DEBUG com.ponking.pblog.mapper.CategoryMapper.selectList - <==      Total: 8
2020-04-07 20:56:03.626 [http-nio-8080-exec-1] DEBUG com.ponking.pblog.mapper.ArticleMapper.selectPage - ==>  Preparing: SELECT COUNT(1) FROM ( SELECT id,title,summary,image,content,content_md,category_id,create_time,update_time,top,commented,original,source_url,visits,status FROM blog_article ) TOTAL 
2020-04-07 20:56:03.627 [http-nio-8080-exec-1] DEBUG com.ponking.pblog.mapper.ArticleMapper.selectPage - ==> Parameters: 
2020-04-07 20:56:03.628 [http-nio-8080-exec-1] DEBUG com.ponking.pblog.mapper.ArticleMapper.selectPage - ==>  Preparing: SELECT id,title,summary,image,content,content_md,category_id,create_time,update_time,top,commented,original,source_url,visits,status FROM blog_article LIMIT ?,? 
2020-04-07 20:56:03.628 [http-nio-8080-exec-1] DEBUG com.ponking.pblog.mapper.ArticleMapper.selectPage - ==> Parameters: 0(Long), 10(Long)
2020-04-07 20:56:03.634 [http-nio-8080-exec-1] DEBUG com.ponking.pblog.mapper.ArticleMapper.selectPage - <==      Total: 9
2020-04-07 20:57:25.115 [http-nio-8080-exec-8] DEBUG com.ponking.pblog.mapper.CategoryMapper.selectList - ==>  Preparing: SELECT id,name FROM blog_category 
2020-04-07 20:57:25.115 [http-nio-8080-exec-8] DEBUG com.ponking.pblog.mapper.CategoryMapper.selectList - ==> Parameters: 
2020-04-07 20:57:25.117 [http-nio-8080-exec-8] DEBUG com.ponking.pblog.mapper.CategoryMapper.selectList - <==      Total: 8
2020-04-07 20:57:25.118 [http-nio-8080-exec-7] DEBUG com.ponking.pblog.mapper.ArticleMapper.selectPage - ==>  Preparing: SELECT COUNT(1) FROM ( SELECT id,title,summary,image,content,content_md,category_id,create_time,update_time,top,commented,original,source_url,visits,status FROM blog_article ) TOTAL 
2020-04-07 20:57:25.118 [http-nio-8080-exec-7] DEBUG com.ponking.pblog.mapper.ArticleMapper.selectPage - ==> Parameters: 
2020-04-07 20:57:25.120 [http-nio-8080-exec-7] DEBUG com.ponking.pblog.mapper.ArticleMapper.selectPage - ==>  Preparing: SELECT id,title,summary,image,content,content_md,category_id,create_time,update_time,top,commented,original,source_url,visits,status FROM blog_article LIMIT ?,? 
2020-04-07 20:57:25.120 [http-nio-8080-exec-7] DEBUG com.ponking.pblog.mapper.ArticleMapper.selectPage - ==> Parameters: 0(Long), 10(Long)
2020-04-07 20:57:25.123 [http-nio-8080-exec-7] DEBUG com.ponking.pblog.mapper.ArticleMapper.selectPage - <==      Total: 9
2020-04-07 20:57:32.978 [http-nio-8080-exec-3] DEBUG com.ponking.pblog.mapper.ArticleMapper.selectPage - ==>  Preparing: SELECT COUNT(1) FROM ( SELECT id,title,summary,image,content,content_md,category_id,create_time,update_time,top,commented,original,source_url,visits,status FROM blog_article ) TOTAL 
2020-04-07 20:57:32.978 [http-nio-8080-exec-3] DEBUG com.ponking.pblog.mapper.ArticleMapper.selectPage - ==> Parameters: 
2020-04-07 20:57:32.980 [http-nio-8080-exec-3] DEBUG com.ponking.pblog.mapper.ArticleMapper.selectPage - ==>  Preparing: SELECT id,title,summary,image,content,content_md,category_id,create_time,update_time,top,commented,original,source_url,visits,status FROM blog_article LIMIT ?,? 
2020-04-07 20:57:33.081 [http-nio-8080-exec-3] DEBUG com.ponking.pblog.mapper.ArticleMapper.selectPage - ==> Parameters: 0(Long), 10(Long)
2020-04-07 20:57:33.083 [http-nio-8080-exec-3] DEBUG com.ponking.pblog.mapper.ArticleMapper.selectPage - <==      Total: 9
2020-04-07 20:57:33.279 [http-nio-8080-exec-2] DEBUG com.ponking.pblog.mapper.CategoryMapper.selectList - ==>  Preparing: SELECT id,name FROM blog_category 
2020-04-07 20:57:33.280 [http-nio-8080-exec-2] DEBUG com.ponking.pblog.mapper.CategoryMapper.selectList - ==> Parameters: 
2020-04-07 20:57:33.281 [http-nio-8080-exec-2] DEBUG com.ponking.pblog.mapper.CategoryMapper.selectList - <==      Total: 8
2020-04-07 21:05:56.191 [http-nio-8080-exec-5] DEBUG com.ponking.pblog.mapper.CategoryMapper.selectList - ==>  Preparing: SELECT id,name FROM blog_category 
2020-04-07 21:05:56.191 [http-nio-8080-exec-5] DEBUG com.ponking.pblog.mapper.CategoryMapper.selectList - ==> Parameters: 
2020-04-07 21:05:56.192 [http-nio-8080-exec-5] DEBUG com.ponking.pblog.mapper.CategoryMapper.selectList - <==      Total: 8
2020-04-07 21:05:56.194 [http-nio-8080-exec-1] DEBUG com.ponking.pblog.mapper.ArticleMapper.selectPage - ==>  Preparing: SELECT COUNT(1) FROM ( SELECT id,title,summary,image,content,content_md,category_id,create_time,update_time,top,commented,original,source_url,visits,status FROM blog_article ) TOTAL 
2020-04-07 21:05:56.194 [http-nio-8080-exec-1] DEBUG com.ponking.pblog.mapper.ArticleMapper.selectPage - ==> Parameters: 
2020-04-07 21:05:56.196 [http-nio-8080-exec-1] DEBUG com.ponking.pblog.mapper.ArticleMapper.selectPage - ==>  Preparing: SELECT id,title,summary,image,content,content_md,category_id,create_time,update_time,top,commented,original,source_url,visits,status FROM blog_article LIMIT ?,? 
2020-04-07 21:05:56.197 [http-nio-8080-exec-1] DEBUG com.ponking.pblog.mapper.ArticleMapper.selectPage - ==> Parameters: 0(Long), 10(Long)
2020-04-07 21:05:56.200 [http-nio-8080-exec-1] DEBUG com.ponking.pblog.mapper.ArticleMapper.selectPage - <==      Total: 9
2020-04-07 21:10:56.194 [http-nio-8080-exec-7] DEBUG com.ponking.pblog.mapper.ArticleMapper.selectPage - ==>  Preparing: SELECT COUNT(1) FROM ( SELECT id,title,summary,image,content,content_md,category_id,create_time,update_time,top,commented,original,source_url,visits,status FROM blog_article ) TOTAL 
2020-04-07 21:10:56.194 [http-nio-8080-exec-7] DEBUG com.ponking.pblog.mapper.ArticleMapper.selectPage - ==> Parameters: 
2020-04-07 21:10:56.196 [http-nio-8080-exec-7] DEBUG com.ponking.pblog.mapper.ArticleMapper.selectPage - ==>  Preparing: SELECT id,title,summary,image,content,content_md,category_id,create_time,update_time,top,commented,original,source_url,visits,status FROM blog_article LIMIT ?,? 
2020-04-07 21:10:56.196 [http-nio-8080-exec-7] DEBUG com.ponking.pblog.mapper.ArticleMapper.selectPage - ==> Parameters: 0(Long), 10(Long)
2020-04-07 21:10:56.198 [http-nio-8080-exec-7] DEBUG com.ponking.pblog.mapper.ArticleMapper.selectPage - <==      Total: 9
2020-04-07 21:10:56.493 [http-nio-8080-exec-9] DEBUG com.ponking.pblog.mapper.CategoryMapper.selectList - ==>  Preparing: SELECT id,name FROM blog_category 
2020-04-07 21:10:56.494 [http-nio-8080-exec-9] DEBUG com.ponking.pblog.mapper.CategoryMapper.selectList - ==> Parameters: 
2020-04-07 21:10:56.495 [http-nio-8080-exec-9] DEBUG com.ponking.pblog.mapper.CategoryMapper.selectList - <==      Total: 8
2020-04-07 21:11:01.990 [http-nio-8080-exec-10] DEBUG com.ponking.pblog.mapper.TagMapper.selectPage - ==>  Preparing: SELECT COUNT(1) FROM blog_tag 
2020-04-07 21:11:01.990 [http-nio-8080-exec-10] DEBUG com.ponking.pblog.mapper.TagMapper.selectPage - ==> Parameters: 
2020-04-07 21:11:01.994 [http-nio-8080-exec-10] DEBUG com.ponking.pblog.mapper.TagMapper.selectPage - ==>  Preparing: SELECT id,name FROM blog_tag LIMIT ?,? 
2020-04-07 21:11:01.994 [http-nio-8080-exec-10] DEBUG com.ponking.pblog.mapper.TagMapper.selectPage - ==> Parameters: 0(Long), 10(Long)
2020-04-07 21:11:01.995 [http-nio-8080-exec-10] DEBUG com.ponking.pblog.mapper.TagMapper.selectPage - <==      Total: 7
2020-04-07 21:11:04.215 [http-nio-8080-exec-3] DEBUG com.ponking.pblog.mapper.CategoryMapper.selectPage - ==>  Preparing: SELECT COUNT(1) FROM blog_category 
2020-04-07 21:11:04.215 [http-nio-8080-exec-3] DEBUG com.ponking.pblog.mapper.CategoryMapper.selectPage - ==> Parameters: 
2020-04-07 21:11:04.218 [http-nio-8080-exec-3] DEBUG com.ponking.pblog.mapper.CategoryMapper.selectPage - ==>  Preparing: SELECT id,name FROM blog_category LIMIT ?,? 
2020-04-07 21:11:04.218 [http-nio-8080-exec-3] DEBUG com.ponking.pblog.mapper.CategoryMapper.selectPage - ==> Parameters: 0(Long), 10(Long)
2020-04-07 21:11:04.219 [http-nio-8080-exec-3] DEBUG com.ponking.pblog.mapper.CategoryMapper.selectPage - <==      Total: 8
2020-04-07 21:11:05.031 [http-nio-8080-exec-2] DEBUG com.ponking.pblog.mapper.ArticleMapper.selectPage - ==>  Preparing: SELECT COUNT(1) FROM ( SELECT id,title,summary,image,content,content_md,category_id,create_time,update_time,top,commented,original,source_url,visits,status FROM blog_article ) TOTAL 
2020-04-07 21:11:05.032 [http-nio-8080-exec-2] DEBUG com.ponking.pblog.mapper.ArticleMapper.selectPage - ==> Parameters: 
2020-04-07 21:11:05.034 [http-nio-8080-exec-2] DEBUG com.ponking.pblog.mapper.ArticleMapper.selectPage - ==>  Preparing: SELECT id,title,summary,image,content,content_md,category_id,create_time,update_time,top,commented,original,source_url,visits,status FROM blog_article LIMIT ?,? 
2020-04-07 21:11:05.035 [http-nio-8080-exec-2] DEBUG com.ponking.pblog.mapper.ArticleMapper.selectPage - ==> Parameters: 0(Long), 10(Long)
2020-04-07 21:11:05.036 [http-nio-8080-exec-2] DEBUG com.ponking.pblog.mapper.ArticleMapper.selectPage - <==      Total: 9
2020-04-07 21:11:05.337 [http-nio-8080-exec-4] DEBUG com.ponking.pblog.mapper.CategoryMapper.selectList - ==>  Preparing: SELECT id,name FROM blog_category 
2020-04-07 21:11:05.337 [http-nio-8080-exec-4] DEBUG com.ponking.pblog.mapper.CategoryMapper.selectList - ==> Parameters: 
2020-04-07 21:11:05.339 [http-nio-8080-exec-4] DEBUG com.ponking.pblog.mapper.CategoryMapper.selectList - <==      Total: 8
2020-04-07 21:12:01.198 [http-nio-8080-exec-1] DEBUG com.ponking.pblog.mapper.ArticleMapper.selectPage - ==>  Preparing: SELECT COUNT(1) FROM ( SELECT id,title,summary,image,content,content_md,category_id,create_time,update_time,top,commented,original,source_url,visits,status FROM blog_article ) TOTAL 
2020-04-07 21:12:01.198 [http-nio-8080-exec-1] DEBUG com.ponking.pblog.mapper.ArticleMapper.selectPage - ==> Parameters: 
2020-04-07 21:12:01.200 [http-nio-8080-exec-1] DEBUG com.ponking.pblog.mapper.ArticleMapper.selectPage - ==>  Preparing: SELECT id,title,summary,image,content,content_md,category_id,create_time,update_time,top,commented,original,source_url,visits,status FROM blog_article LIMIT ?,? 
2020-04-07 21:12:01.200 [http-nio-8080-exec-1] DEBUG com.ponking.pblog.mapper.ArticleMapper.selectPage - ==> Parameters: 0(Long), 10(Long)
2020-04-07 21:12:01.202 [http-nio-8080-exec-1] DEBUG com.ponking.pblog.mapper.ArticleMapper.selectPage - <==      Total: 9
2020-04-07 21:12:01.502 [http-nio-8080-exec-6] DEBUG com.ponking.pblog.mapper.CategoryMapper.selectList - ==>  Preparing: SELECT id,name FROM blog_category 
2020-04-07 21:12:01.502 [http-nio-8080-exec-6] DEBUG com.ponking.pblog.mapper.CategoryMapper.selectList - ==> Parameters: 
2020-04-07 21:12:01.503 [http-nio-8080-exec-6] DEBUG com.ponking.pblog.mapper.CategoryMapper.selectList - <==      Total: 8
2020-04-07 21:12:10.911 [http-nio-8080-exec-7] DEBUG com.ponking.pblog.mapper.TagMapper.selectList - ==>  Preparing: SELECT id,name FROM blog_tag 
2020-04-07 21:12:10.911 [http-nio-8080-exec-7] DEBUG com.ponking.pblog.mapper.TagMapper.selectList - ==> Parameters: 
2020-04-07 21:12:10.912 [http-nio-8080-exec-7] DEBUG com.ponking.pblog.mapper.TagMapper.selectList - <==      Total: 7
2020-04-07 21:12:10.913 [http-nio-8080-exec-9] DEBUG com.ponking.pblog.mapper.CategoryMapper.selectList - ==>  Preparing: SELECT id,name FROM blog_category 
2020-04-07 21:12:10.914 [http-nio-8080-exec-9] DEBUG com.ponking.pblog.mapper.CategoryMapper.selectList - ==> Parameters: 
2020-04-07 21:12:10.915 [http-nio-8080-exec-9] DEBUG com.ponking.pblog.mapper.CategoryMapper.selectList - <==      Total: 8
2020-04-07 21:12:12.256 [http-nio-8080-exec-3] DEBUG com.ponking.pblog.mapper.CategoryMapper.selectList - ==>  Preparing: SELECT id,name FROM blog_category 
2020-04-07 21:12:12.257 [http-nio-8080-exec-3] DEBUG com.ponking.pblog.mapper.CategoryMapper.selectList - ==> Parameters: 
2020-04-07 21:12:12.258 [http-nio-8080-exec-3] DEBUG com.ponking.pblog.mapper.CategoryMapper.selectList - <==      Total: 8
2020-04-07 21:12:12.261 [http-nio-8080-exec-10] DEBUG com.ponking.pblog.mapper.ArticleMapper.selectPage - ==>  Preparing: SELECT COUNT(1) FROM ( SELECT id,title,summary,image,content,content_md,category_id,create_time,update_time,top,commented,original,source_url,visits,status FROM blog_article ) TOTAL 
2020-04-07 21:12:12.261 [http-nio-8080-exec-10] DEBUG com.ponking.pblog.mapper.ArticleMapper.selectPage - ==> Parameters: 
2020-04-07 21:12:12.263 [http-nio-8080-exec-10] DEBUG com.ponking.pblog.mapper.ArticleMapper.selectPage - ==>  Preparing: SELECT id,title,summary,image,content,content_md,category_id,create_time,update_time,top,commented,original,source_url,visits,status FROM blog_article LIMIT ?,? 
2020-04-07 21:12:12.263 [http-nio-8080-exec-10] DEBUG com.ponking.pblog.mapper.ArticleMapper.selectPage - ==> Parameters: 0(Long), 10(Long)
2020-04-07 21:12:12.265 [http-nio-8080-exec-10] DEBUG com.ponking.pblog.mapper.ArticleMapper.selectPage - <==      Total: 9
2020-04-07 21:12:13.078 [http-nio-8080-exec-2] DEBUG com.ponking.pblog.mapper.CategoryMapper.selectPage - ==>  Preparing: SELECT COUNT(1) FROM blog_category 
2020-04-07 21:12:13.079 [http-nio-8080-exec-2] DEBUG com.ponking.pblog.mapper.CategoryMapper.selectPage - ==> Parameters: 
2020-04-07 21:12:13.081 [http-nio-8080-exec-2] DEBUG com.ponking.pblog.mapper.CategoryMapper.selectPage - ==>  Preparing: SELECT id,name FROM blog_category LIMIT ?,? 
2020-04-07 21:12:13.082 [http-nio-8080-exec-2] DEBUG com.ponking.pblog.mapper.CategoryMapper.selectPage - ==> Parameters: 0(Long), 10(Long)
2020-04-07 21:12:13.083 [http-nio-8080-exec-2] DEBUG com.ponking.pblog.mapper.CategoryMapper.selectPage - <==      Total: 8
2020-04-07 21:12:14.157 [http-nio-8080-exec-4] DEBUG com.ponking.pblog.mapper.TagMapper.selectPage - ==>  Preparing: SELECT COUNT(1) FROM blog_tag 
2020-04-07 21:12:14.157 [http-nio-8080-exec-4] DEBUG com.ponking.pblog.mapper.TagMapper.selectPage - ==> Parameters: 
2020-04-07 21:12:14.159 [http-nio-8080-exec-4] DEBUG com.ponking.pblog.mapper.TagMapper.selectPage - ==>  Preparing: SELECT id,name FROM blog_tag LIMIT ?,? 
2020-04-07 21:12:14.160 [http-nio-8080-exec-4] DEBUG com.ponking.pblog.mapper.TagMapper.selectPage - ==> Parameters: 0(Long), 10(Long)
2020-04-07 21:12:14.161 [http-nio-8080-exec-4] DEBUG com.ponking.pblog.mapper.TagMapper.selectPage - <==      Total: 7
2020-04-07 21:12:27.019 [http-nio-8080-exec-5] DEBUG com.ponking.pblog.mapper.CategoryMapper.selectPage - ==>  Preparing: SELECT COUNT(1) FROM blog_category 
2020-04-07 21:12:27.019 [http-nio-8080-exec-5] DEBUG com.ponking.pblog.mapper.CategoryMapper.selectPage - ==> Parameters: 
2020-04-07 21:12:27.021 [http-nio-8080-exec-5] DEBUG com.ponking.pblog.mapper.CategoryMapper.selectPage - ==>  Preparing: SELECT id,name FROM blog_category LIMIT ?,? 
2020-04-07 21:12:27.021 [http-nio-8080-exec-5] DEBUG com.ponking.pblog.mapper.CategoryMapper.selectPage - ==> Parameters: 0(Long), 10(Long)
2020-04-07 21:12:27.022 [http-nio-8080-exec-5] DEBUG com.ponking.pblog.mapper.CategoryMapper.selectPage - <==      Total: 8
2020-04-07 21:12:29.023 [http-nio-8080-exec-1] DEBUG com.ponking.pblog.mapper.ArticleMapper.selectPage - ==>  Preparing: SELECT COUNT(1) FROM ( SELECT id,title,summary,image,content,content_md,category_id,create_time,update_time,top,commented,original,source_url,visits,status FROM blog_article ) TOTAL 
2020-04-07 21:12:29.023 [http-nio-8080-exec-1] DEBUG com.ponking.pblog.mapper.ArticleMapper.selectPage - ==> Parameters: 
2020-04-07 21:12:29.024 [http-nio-8080-exec-1] DEBUG com.ponking.pblog.mapper.ArticleMapper.selectPage - ==>  Preparing: SELECT id,title,summary,image,content,content_md,category_id,create_time,update_time,top,commented,original,source_url,visits,status FROM blog_article LIMIT ?,? 
2020-04-07 21:12:29.025 [http-nio-8080-exec-1] DEBUG com.ponking.pblog.mapper.ArticleMapper.selectPage - ==> Parameters: 0(Long), 10(Long)
2020-04-07 21:12:29.026 [http-nio-8080-exec-1] DEBUG com.ponking.pblog.mapper.ArticleMapper.selectPage - <==      Total: 9
2020-04-07 21:12:29.325 [http-nio-8080-exec-6] DEBUG com.ponking.pblog.mapper.CategoryMapper.selectList - ==>  Preparing: SELECT id,name FROM blog_category 
2020-04-07 21:12:29.325 [http-nio-8080-exec-6] DEBUG com.ponking.pblog.mapper.CategoryMapper.selectList - ==> Parameters: 
2020-04-07 21:12:29.326 [http-nio-8080-exec-6] DEBUG com.ponking.pblog.mapper.CategoryMapper.selectList - <==      Total: 8
2020-04-07 21:12:39.170 [http-nio-8080-exec-7] DEBUG com.ponking.pblog.mapper.CategoryMapper.selectList - ==>  Preparing: SELECT id,name FROM blog_category 
2020-04-07 21:12:39.171 [http-nio-8080-exec-7] DEBUG com.ponking.pblog.mapper.CategoryMapper.selectList - ==> Parameters: 
2020-04-07 21:12:39.171 [http-nio-8080-exec-8] DEBUG com.ponking.pblog.mapper.ArticleMapper.selectPage - ==>  Preparing: SELECT COUNT(1) FROM ( SELECT id,title,summary,image,content,content_md,category_id,create_time,update_time,top,commented,original,source_url,visits,status FROM blog_article ) TOTAL 
2020-04-07 21:12:39.171 [http-nio-8080-exec-8] DEBUG com.ponking.pblog.mapper.ArticleMapper.selectPage - ==> Parameters: 
2020-04-07 21:12:39.172 [http-nio-8080-exec-7] DEBUG com.ponking.pblog.mapper.CategoryMapper.selectList - <==      Total: 8
2020-04-07 21:12:39.172 [http-nio-8080-exec-8] DEBUG com.ponking.pblog.mapper.ArticleMapper.selectPage - ==>  Preparing: SELECT id,title,summary,image,content,content_md,category_id,create_time,update_time,top,commented,original,source_url,visits,status FROM blog_article LIMIT ?,? 
2020-04-07 21:12:39.173 [http-nio-8080-exec-8] DEBUG com.ponking.pblog.mapper.ArticleMapper.selectPage - ==> Parameters: 0(Long), 10(Long)
2020-04-07 21:12:39.174 [http-nio-8080-exec-8] DEBUG com.ponking.pblog.mapper.ArticleMapper.selectPage - <==      Total: 9
2020-04-07 21:12:40.913 [http-nio-8080-exec-9] DEBUG com.ponking.pblog.mapper.TagMapper.selectList - ==>  Preparing: SELECT id,name FROM blog_tag 
2020-04-07 21:12:40.913 [http-nio-8080-exec-9] DEBUG com.ponking.pblog.mapper.TagMapper.selectList - ==> Parameters: 
2020-04-07 21:12:40.914 [http-nio-8080-exec-9] DEBUG com.ponking.pblog.mapper.TagMapper.selectList - <==      Total: 7
2020-04-07 21:12:41.224 [http-nio-8080-exec-3] DEBUG com.ponking.pblog.mapper.CategoryMapper.selectList - ==>  Preparing: SELECT id,name FROM blog_category 
2020-04-07 21:12:41.225 [http-nio-8080-exec-3] DEBUG com.ponking.pblog.mapper.CategoryMapper.selectList - ==> Parameters: 
2020-04-07 21:12:41.225 [http-nio-8080-exec-3] DEBUG com.ponking.pblog.mapper.CategoryMapper.selectList - <==      Total: 8
2020-04-07 21:12:41.231 [http-nio-8080-exec-10] DEBUG c.ponking.pblog.mapper.ArticleMapper.selectOneDTO - ==>  Preparing: SELECT id,title,summary,image,content,content_md,category_id, update_time,top,commented,original,source_url,status FROM blog_article WHERE id = ? 
2020-04-07 21:12:41.232 [http-nio-8080-exec-10] DEBUG c.ponking.pblog.mapper.ArticleMapper.selectOneDTO - ==> Parameters: 1(Integer)
2020-04-07 21:12:41.244 [http-nio-8080-exec-10] DEBUG c.p.p.mapper.ArticleMapper.selectTagsByArticleId - ====>  Preparing: SELECT t.id FROM blog_article_tag at RIGHT JOIN blog_tag t on t.id = at.tag_id WHERE at.article_id = ? 
2020-04-07 21:12:41.245 [http-nio-8080-exec-10] DEBUG c.p.p.mapper.ArticleMapper.selectTagsByArticleId - ====> Parameters: 1(Long)
2020-04-07 21:12:41.250 [http-nio-8080-exec-10] DEBUG c.p.p.mapper.ArticleMapper.selectTagsByArticleId - <====      Total: 3
2020-04-07 21:12:41.250 [http-nio-8080-exec-10] DEBUG c.ponking.pblog.mapper.ArticleMapper.selectOneDTO - <==      Total: 1
2020-04-07 21:12:48.555 [http-nio-8080-exec-2] DEBUG com.ponking.pblog.mapper.ArticleMapper.selectById - ==>  Preparing: SELECT id,title,summary,image,content,content_md,category_id,create_time,update_time,top,commented,original,source_url,visits,status FROM blog_article WHERE id=? 
2020-04-07 21:12:48.555 [http-nio-8080-exec-2] DEBUG com.ponking.pblog.mapper.ArticleMapper.selectById - ==> Parameters: 1(Long)
2020-04-07 21:12:48.556 [http-nio-8080-exec-2] DEBUG com.ponking.pblog.mapper.ArticleMapper.selectById - <==      Total: 1
2020-04-07 21:12:48.563 [http-nio-8080-exec-2] DEBUG com.ponking.pblog.mapper.ArticleMapper.selectCount - ==>  Preparing: SELECT COUNT( 1 ) FROM blog_article WHERE title = ? 
2020-04-07 21:12:48.564 [http-nio-8080-exec-2] DEBUG com.ponking.pblog.mapper.ArticleMapper.selectCount - ==> Parameters: hello world My blog!(String)
2020-04-07 21:12:48.568 [http-nio-8080-exec-2] DEBUG com.ponking.pblog.mapper.ArticleMapper.selectCount - <==      Total: 1
2020-04-07 21:12:48.584 [http-nio-8080-exec-2] DEBUG com.ponking.pblog.mapper.ArticleMapper.updateById - ==>  Preparing: UPDATE blog_article SET title=?, summary=?, content=?, content_md=?, category_id=?, top=?, commented=?, original=?, status=? WHERE id=? 
2020-04-07 21:12:48.585 [http-nio-8080-exec-2] DEBUG com.ponking.pblog.mapper.ArticleMapper.updateById - ==> Parameters: hello world My blog!(String), 你好，世界(String), <h1><a id="Hello_World_0"></a>Hello World</h1>
<p>你好，世界。<br />
欢迎使用本博客系统。<br />
写博客需要坚持，一起努力加油吧！</p>
(String), # Hello World
你好，世界。
欢迎使用本博客系统。
写博客需要坚持，一起努力加油吧！(String), 1(Long), 0(Integer), 0(Integer), 0(Integer), 0(Integer), 1(Long)
2020-04-07 21:12:48.590 [http-nio-8080-exec-2] DEBUG com.ponking.pblog.mapper.ArticleMapper.updateById - <==    Updates: 1
2020-04-07 21:12:48.597 [http-nio-8080-exec-2] DEBUG com.ponking.pblog.mapper.ArticleTagMapper.delete - ==>  Preparing: DELETE FROM blog_article_tag WHERE article_id = ? 
2020-04-07 21:12:48.597 [http-nio-8080-exec-2] DEBUG com.ponking.pblog.mapper.ArticleTagMapper.delete - ==> Parameters: 1(Long)
2020-04-07 21:12:48.605 [http-nio-8080-exec-2] DEBUG com.ponking.pblog.mapper.ArticleTagMapper.delete - <==    Updates: 3
2020-04-07 21:12:48.608 [http-nio-8080-exec-2] DEBUG com.ponking.pblog.mapper.ArticleTagMapper.insert - ==>  Preparing: INSERT INTO blog_article_tag ( article_id, tag_id ) VALUES ( ?, ? ) 
2020-04-07 21:12:48.609 [http-nio-8080-exec-2] DEBUG com.ponking.pblog.mapper.ArticleTagMapper.insert - ==> Parameters: 1(Long), 1(Long)
2020-04-07 21:12:48.610 [http-nio-8080-exec-2] DEBUG com.ponking.pblog.mapper.ArticleTagMapper.insert - ==> Parameters: 1(Long), 2(Long)
2020-04-07 21:12:48.610 [http-nio-8080-exec-2] DEBUG com.ponking.pblog.mapper.ArticleTagMapper.insert - ==> Parameters: 1(Long), 4(Long)
2020-04-07 21:12:49.628 [http-nio-8080-exec-4] DEBUG com.ponking.pblog.mapper.ArticleMapper.selectById - ==>  Preparing: SELECT id,title,summary,image,content,content_md,category_id,create_time,update_time,top,commented,original,source_url,visits,status FROM blog_article WHERE id=? 
2020-04-07 21:12:49.628 [http-nio-8080-exec-4] DEBUG com.ponking.pblog.mapper.ArticleMapper.selectById - ==> Parameters: 1(Long)
2020-04-07 21:12:49.630 [http-nio-8080-exec-4] DEBUG com.ponking.pblog.mapper.ArticleMapper.selectById - <==      Total: 1
2020-04-07 21:12:49.631 [http-nio-8080-exec-4] DEBUG com.ponking.pblog.mapper.ArticleMapper.selectCount - ==>  Preparing: SELECT COUNT( 1 ) FROM blog_article WHERE title = ? 
2020-04-07 21:12:49.631 [http-nio-8080-exec-4] DEBUG com.ponking.pblog.mapper.ArticleMapper.selectCount - ==> Parameters: hello world My blog!(String)
2020-04-07 21:12:49.632 [http-nio-8080-exec-4] DEBUG com.ponking.pblog.mapper.ArticleMapper.selectCount - <==      Total: 1
2020-04-07 21:12:49.633 [http-nio-8080-exec-4] DEBUG com.ponking.pblog.mapper.ArticleMapper.updateById - ==>  Preparing: UPDATE blog_article SET title=?, summary=?, content=?, content_md=?, category_id=?, top=?, commented=?, original=?, status=? WHERE id=? 
2020-04-07 21:12:49.634 [http-nio-8080-exec-4] DEBUG com.ponking.pblog.mapper.ArticleMapper.updateById - ==> Parameters: hello world My blog!(String), 你好，世界(String), <h1><a id="Hello_World_0"></a>Hello World</h1>
<p>你好，世界。<br />
欢迎使用本博客系统。<br />
写博客需要坚持，一起努力加油吧！</p>
(String), # Hello World
你好，世界。
欢迎使用本博客系统。
写博客需要坚持，一起努力加油吧！(String), 1(Long), 0(Integer), 0(Integer), 0(Integer), 1(Integer), 1(Long)
2020-04-07 21:12:49.635 [http-nio-8080-exec-4] DEBUG com.ponking.pblog.mapper.ArticleMapper.updateById - <==    Updates: 1
2020-04-07 21:12:49.637 [http-nio-8080-exec-4] DEBUG com.ponking.pblog.mapper.ArticleTagMapper.delete - ==>  Preparing: DELETE FROM blog_article_tag WHERE article_id = ? 
2020-04-07 21:12:49.637 [http-nio-8080-exec-4] DEBUG com.ponking.pblog.mapper.ArticleTagMapper.delete - ==> Parameters: 1(Long)
2020-04-07 21:12:49.638 [http-nio-8080-exec-4] DEBUG com.ponking.pblog.mapper.ArticleTagMapper.delete - <==    Updates: 3
2020-04-07 21:12:49.639 [http-nio-8080-exec-4] DEBUG com.ponking.pblog.mapper.ArticleTagMapper.insert - ==>  Preparing: INSERT INTO blog_article_tag ( article_id, tag_id ) VALUES ( ?, ? ) 
2020-04-07 21:12:49.639 [http-nio-8080-exec-4] DEBUG com.ponking.pblog.mapper.ArticleTagMapper.insert - ==> Parameters: 1(Long), 1(Long)
2020-04-07 21:12:49.639 [http-nio-8080-exec-4] DEBUG com.ponking.pblog.mapper.ArticleTagMapper.insert - ==> Parameters: 1(Long), 2(Long)
2020-04-07 21:12:49.640 [http-nio-8080-exec-4] DEBUG com.ponking.pblog.mapper.ArticleTagMapper.insert - ==> Parameters: 1(Long), 4(Long)
2020-04-07 21:12:50.698 [http-nio-8080-exec-5] DEBUG com.ponking.pblog.mapper.ArticleMapper.selectById - ==>  Preparing: SELECT id,title,summary,image,content,content_md,category_id,create_time,update_time,top,commented,original,source_url,visits,status FROM blog_article WHERE id=? 
2020-04-07 21:12:50.699 [http-nio-8080-exec-5] DEBUG com.ponking.pblog.mapper.ArticleMapper.selectById - ==> Parameters: 1(Long)
2020-04-07 21:12:50.700 [http-nio-8080-exec-5] DEBUG com.ponking.pblog.mapper.ArticleMapper.selectById - <==      Total: 1
2020-04-07 21:12:50.702 [http-nio-8080-exec-5] DEBUG com.ponking.pblog.mapper.ArticleMapper.selectCount - ==>  Preparing: SELECT COUNT( 1 ) FROM blog_article WHERE title = ? 
2020-04-07 21:12:50.702 [http-nio-8080-exec-5] DEBUG com.ponking.pblog.mapper.ArticleMapper.selectCount - ==> Parameters: hello world My blog!(String)
2020-04-07 21:12:50.703 [http-nio-8080-exec-5] DEBUG com.ponking.pblog.mapper.ArticleMapper.selectCount - <==      Total: 1
2020-04-07 21:12:50.704 [http-nio-8080-exec-5] DEBUG com.ponking.pblog.mapper.ArticleMapper.updateById - ==>  Preparing: UPDATE blog_article SET title=?, summary=?, content=?, content_md=?, category_id=?, top=?, commented=?, original=?, status=? WHERE id=? 
2020-04-07 21:12:50.704 [http-nio-8080-exec-5] DEBUG com.ponking.pblog.mapper.ArticleMapper.updateById - ==> Parameters: hello world My blog!(String), 你好，世界(String), <h1><a id="Hello_World_0"></a>Hello World</h1>
<p>你好，世界。<br />
欢迎使用本博客系统。<br />
写博客需要坚持，一起努力加油吧！</p>
(String), # Hello World
你好，世界。
欢迎使用本博客系统。
写博客需要坚持，一起努力加油吧！(String), 1(Long), 0(Integer), 0(Integer), 0(Integer), 0(Integer), 1(Long)
2020-04-07 21:12:50.710 [http-nio-8080-exec-5] DEBUG com.ponking.pblog.mapper.ArticleMapper.updateById - <==    Updates: 1
2020-04-07 21:12:50.711 [http-nio-8080-exec-5] DEBUG com.ponking.pblog.mapper.ArticleTagMapper.delete - ==>  Preparing: DELETE FROM blog_article_tag WHERE article_id = ? 
2020-04-07 21:12:50.712 [http-nio-8080-exec-5] DEBUG com.ponking.pblog.mapper.ArticleTagMapper.delete - ==> Parameters: 1(Long)
2020-04-07 21:12:50.712 [http-nio-8080-exec-5] DEBUG com.ponking.pblog.mapper.ArticleTagMapper.delete - <==    Updates: 3
2020-04-07 21:12:50.713 [http-nio-8080-exec-5] DEBUG com.ponking.pblog.mapper.ArticleTagMapper.insert - ==>  Preparing: INSERT INTO blog_article_tag ( article_id, tag_id ) VALUES ( ?, ? ) 
2020-04-07 21:12:50.714 [http-nio-8080-exec-5] DEBUG com.ponking.pblog.mapper.ArticleTagMapper.insert - ==> Parameters: 1(Long), 1(Long)
2020-04-07 21:12:50.714 [http-nio-8080-exec-5] DEBUG com.ponking.pblog.mapper.ArticleTagMapper.insert - ==> Parameters: 1(Long), 2(Long)
2020-04-07 21:12:50.715 [http-nio-8080-exec-5] DEBUG com.ponking.pblog.mapper.ArticleTagMapper.insert - ==> Parameters: 1(Long), 4(Long)
2020-04-07 21:12:50.949 [http-nio-8080-exec-1] DEBUG com.ponking.pblog.mapper.ArticleMapper.selectById - ==>  Preparing: SELECT id,title,summary,image,content,content_md,category_id,create_time,update_time,top,commented,original,source_url,visits,status FROM blog_article WHERE id=? 
2020-04-07 21:12:50.949 [http-nio-8080-exec-1] DEBUG com.ponking.pblog.mapper.ArticleMapper.selectById - ==> Parameters: 1(Long)
2020-04-07 21:12:50.950 [http-nio-8080-exec-1] DEBUG com.ponking.pblog.mapper.ArticleMapper.selectById - <==      Total: 1
2020-04-07 21:12:50.952 [http-nio-8080-exec-1] DEBUG com.ponking.pblog.mapper.ArticleMapper.selectCount - ==>  Preparing: SELECT COUNT( 1 ) FROM blog_article WHERE title = ? 
2020-04-07 21:12:50.953 [http-nio-8080-exec-1] DEBUG com.ponking.pblog.mapper.ArticleMapper.selectCount - ==> Parameters: hello world My blog!(String)
2020-04-07 21:12:50.953 [http-nio-8080-exec-1] DEBUG com.ponking.pblog.mapper.ArticleMapper.selectCount - <==      Total: 1
2020-04-07 21:12:50.955 [http-nio-8080-exec-1] DEBUG com.ponking.pblog.mapper.ArticleMapper.updateById - ==>  Preparing: UPDATE blog_article SET title=?, summary=?, content=?, content_md=?, category_id=?, top=?, commented=?, original=?, status=? WHERE id=? 
2020-04-07 21:12:50.955 [http-nio-8080-exec-1] DEBUG com.ponking.pblog.mapper.ArticleMapper.updateById - ==> Parameters: hello world My blog!(String), 你好，世界(String), <h1><a id="Hello_World_0"></a>Hello World</h1>
<p>你好，世界。<br />
欢迎使用本博客系统。<br />
写博客需要坚持，一起努力加油吧！</p>
(String), # Hello World
你好，世界。
欢迎使用本博客系统。
写博客需要坚持，一起努力加油吧！(String), 1(Long), 0(Integer), 0(Integer), 0(Integer), 0(Integer), 1(Long)
2020-04-07 21:12:50.956 [http-nio-8080-exec-1] DEBUG com.ponking.pblog.mapper.ArticleMapper.updateById - <==    Updates: 1
2020-04-07 21:12:50.958 [http-nio-8080-exec-1] DEBUG com.ponking.pblog.mapper.ArticleTagMapper.delete - ==>  Preparing: DELETE FROM blog_article_tag WHERE article_id = ? 
2020-04-07 21:12:50.958 [http-nio-8080-exec-1] DEBUG com.ponking.pblog.mapper.ArticleTagMapper.delete - ==> Parameters: 1(Long)
2020-04-07 21:12:50.973 [http-nio-8080-exec-1] DEBUG com.ponking.pblog.mapper.ArticleTagMapper.delete - <==    Updates: 3
2020-04-07 21:12:50.975 [http-nio-8080-exec-1] DEBUG com.ponking.pblog.mapper.ArticleTagMapper.insert - ==>  Preparing: INSERT INTO blog_article_tag ( article_id, tag_id ) VALUES ( ?, ? ) 
2020-04-07 21:12:50.975 [http-nio-8080-exec-1] DEBUG com.ponking.pblog.mapper.ArticleTagMapper.insert - ==> Parameters: 1(Long), 1(Long)
2020-04-07 21:12:50.975 [http-nio-8080-exec-1] DEBUG com.ponking.pblog.mapper.ArticleTagMapper.insert - ==> Parameters: 1(Long), 2(Long)
2020-04-07 21:12:50.976 [http-nio-8080-exec-1] DEBUG com.ponking.pblog.mapper.ArticleTagMapper.insert - ==> Parameters: 1(Long), 4(Long)
2020-04-07 21:12:51.171 [http-nio-8080-exec-6] DEBUG com.ponking.pblog.mapper.ArticleMapper.selectById - ==>  Preparing: SELECT id,title,summary,image,content,content_md,category_id,create_time,update_time,top,commented,original,source_url,visits,status FROM blog_article WHERE id=? 
2020-04-07 21:12:51.171 [http-nio-8080-exec-6] DEBUG com.ponking.pblog.mapper.ArticleMapper.selectById - ==> Parameters: 1(Long)
2020-04-07 21:12:51.172 [http-nio-8080-exec-6] DEBUG com.ponking.pblog.mapper.ArticleMapper.selectById - <==      Total: 1
2020-04-07 21:12:51.174 [http-nio-8080-exec-6] DEBUG com.ponking.pblog.mapper.ArticleMapper.selectCount - ==>  Preparing: SELECT COUNT( 1 ) FROM blog_article WHERE title = ? 
2020-04-07 21:12:51.174 [http-nio-8080-exec-6] DEBUG com.ponking.pblog.mapper.ArticleMapper.selectCount - ==> Parameters: hello world My blog!(String)
2020-04-07 21:12:51.175 [http-nio-8080-exec-6] DEBUG com.ponking.pblog.mapper.ArticleMapper.selectCount - <==      Total: 1
2020-04-07 21:12:51.176 [http-nio-8080-exec-6] DEBUG com.ponking.pblog.mapper.ArticleMapper.updateById - ==>  Preparing: UPDATE blog_article SET title=?, summary=?, content=?, content_md=?, category_id=?, top=?, commented=?, original=?, status=? WHERE id=? 
2020-04-07 21:12:51.177 [http-nio-8080-exec-6] DEBUG com.ponking.pblog.mapper.ArticleMapper.updateById - ==> Parameters: hello world My blog!(String), 你好，世界(String), <h1><a id="Hello_World_0"></a>Hello World</h1>
<p>你好，世界。<br />
欢迎使用本博客系统。<br />
写博客需要坚持，一起努力加油吧！</p>
(String), # Hello World
你好，世界。
欢迎使用本博客系统。
写博客需要坚持，一起努力加油吧！(String), 1(Long), 0(Integer), 0(Integer), 0(Integer), 0(Integer), 1(Long)
2020-04-07 21:12:51.178 [http-nio-8080-exec-6] DEBUG com.ponking.pblog.mapper.ArticleMapper.updateById - <==    Updates: 1
2020-04-07 21:12:51.179 [http-nio-8080-exec-6] DEBUG com.ponking.pblog.mapper.ArticleTagMapper.delete - ==>  Preparing: DELETE FROM blog_article_tag WHERE article_id = ? 
2020-04-07 21:12:51.179 [http-nio-8080-exec-6] DEBUG com.ponking.pblog.mapper.ArticleTagMapper.delete - ==> Parameters: 1(Long)
2020-04-07 21:12:51.181 [http-nio-8080-exec-6] DEBUG com.ponking.pblog.mapper.ArticleTagMapper.delete - <==    Updates: 3
2020-04-07 21:12:51.182 [http-nio-8080-exec-6] DEBUG com.ponking.pblog.mapper.ArticleTagMapper.insert - ==>  Preparing: INSERT INTO blog_article_tag ( article_id, tag_id ) VALUES ( ?, ? ) 
2020-04-07 21:12:51.182 [http-nio-8080-exec-6] DEBUG com.ponking.pblog.mapper.ArticleTagMapper.insert - ==> Parameters: 1(Long), 1(Long)
2020-04-07 21:12:51.182 [http-nio-8080-exec-6] DEBUG com.ponking.pblog.mapper.ArticleTagMapper.insert - ==> Parameters: 1(Long), 2(Long)
2020-04-07 21:12:51.183 [http-nio-8080-exec-6] DEBUG com.ponking.pblog.mapper.ArticleTagMapper.insert - ==> Parameters: 1(Long), 4(Long)
2020-04-07 21:12:51.340 [http-nio-8080-exec-7] DEBUG com.ponking.pblog.mapper.ArticleMapper.selectById - ==>  Preparing: SELECT id,title,summary,image,content,content_md,category_id,create_time,update_time,top,commented,original,source_url,visits,status FROM blog_article WHERE id=? 
2020-04-07 21:12:51.340 [http-nio-8080-exec-7] DEBUG com.ponking.pblog.mapper.ArticleMapper.selectById - ==> Parameters: 1(Long)
2020-04-07 21:12:51.341 [http-nio-8080-exec-7] DEBUG com.ponking.pblog.mapper.ArticleMapper.selectById - <==      Total: 1
2020-04-07 21:12:51.343 [http-nio-8080-exec-7] DEBUG com.ponking.pblog.mapper.ArticleMapper.selectCount - ==>  Preparing: SELECT COUNT( 1 ) FROM blog_article WHERE title = ? 
2020-04-07 21:12:51.343 [http-nio-8080-exec-7] DEBUG com.ponking.pblog.mapper.ArticleMapper.selectCount - ==> Parameters: hello world My blog!(String)
2020-04-07 21:12:51.344 [http-nio-8080-exec-7] DEBUG com.ponking.pblog.mapper.ArticleMapper.selectCount - <==      Total: 1
2020-04-07 21:12:51.345 [http-nio-8080-exec-7] DEBUG com.ponking.pblog.mapper.ArticleMapper.updateById - ==>  Preparing: UPDATE blog_article SET title=?, summary=?, content=?, content_md=?, category_id=?, top=?, commented=?, original=?, status=? WHERE id=? 
2020-04-07 21:12:51.346 [http-nio-8080-exec-7] DEBUG com.ponking.pblog.mapper.ArticleMapper.updateById - ==> Parameters: hello world My blog!(String), 你好，世界(String), <h1><a id="Hello_World_0"></a>Hello World</h1>
<p>你好，世界。<br />
欢迎使用本博客系统。<br />
写博客需要坚持，一起努力加油吧！</p>
(String), # Hello World
你好，世界。
欢迎使用本博客系统。
写博客需要坚持，一起努力加油吧！(String), 1(Long), 0(Integer), 0(Integer), 0(Integer), 0(Integer), 1(Long)
2020-04-07 21:12:51.347 [http-nio-8080-exec-7] DEBUG com.ponking.pblog.mapper.ArticleMapper.updateById - <==    Updates: 1
2020-04-07 21:12:51.348 [http-nio-8080-exec-7] DEBUG com.ponking.pblog.mapper.ArticleTagMapper.delete - ==>  Preparing: DELETE FROM blog_article_tag WHERE article_id = ? 
2020-04-07 21:12:51.349 [http-nio-8080-exec-7] DEBUG com.ponking.pblog.mapper.ArticleTagMapper.delete - ==> Parameters: 1(Long)
2020-04-07 21:12:51.350 [http-nio-8080-exec-7] DEBUG com.ponking.pblog.mapper.ArticleTagMapper.delete - <==    Updates: 3
2020-04-07 21:12:51.351 [http-nio-8080-exec-7] DEBUG com.ponking.pblog.mapper.ArticleTagMapper.insert - ==>  Preparing: INSERT INTO blog_article_tag ( article_id, tag_id ) VALUES ( ?, ? ) 
2020-04-07 21:12:51.351 [http-nio-8080-exec-7] DEBUG com.ponking.pblog.mapper.ArticleTagMapper.insert - ==> Parameters: 1(Long), 1(Long)
2020-04-07 21:12:51.352 [http-nio-8080-exec-7] DEBUG com.ponking.pblog.mapper.ArticleTagMapper.insert - ==> Parameters: 1(Long), 2(Long)
2020-04-07 21:12:51.352 [http-nio-8080-exec-7] DEBUG com.ponking.pblog.mapper.ArticleTagMapper.insert - ==> Parameters: 1(Long), 4(Long)
2020-04-07 21:12:54.939 [http-nio-8080-exec-9] DEBUG com.ponking.pblog.mapper.TagMapper.selectList - ==>  Preparing: SELECT id,name FROM blog_tag 
2020-04-07 21:12:54.940 [http-nio-8080-exec-9] DEBUG com.ponking.pblog.mapper.TagMapper.selectList - ==> Parameters: 
2020-04-07 21:12:54.941 [http-nio-8080-exec-9] DEBUG com.ponking.pblog.mapper.TagMapper.selectList - <==      Total: 7
2020-04-07 21:12:55.256 [http-nio-8080-exec-3] DEBUG com.ponking.pblog.mapper.CategoryMapper.selectList - ==>  Preparing: SELECT id,name FROM blog_category 
2020-04-07 21:12:55.257 [http-nio-8080-exec-3] DEBUG com.ponking.pblog.mapper.CategoryMapper.selectList - ==> Parameters: 
2020-04-07 21:12:55.259 [http-nio-8080-exec-3] DEBUG com.ponking.pblog.mapper.CategoryMapper.selectList - <==      Total: 8
2020-04-07 21:12:55.264 [http-nio-8080-exec-10] DEBUG c.ponking.pblog.mapper.ArticleMapper.selectOneDTO - ==>  Preparing: SELECT id,title,summary,image,content,content_md,category_id, update_time,top,commented,original,source_url,status FROM blog_article WHERE id = ? 
2020-04-07 21:12:55.265 [http-nio-8080-exec-10] DEBUG c.ponking.pblog.mapper.ArticleMapper.selectOneDTO - ==> Parameters: 1(Integer)
2020-04-07 21:12:55.266 [http-nio-8080-exec-10] DEBUG c.p.p.mapper.ArticleMapper.selectTagsByArticleId - ====>  Preparing: SELECT t.id FROM blog_article_tag at RIGHT JOIN blog_tag t on t.id = at.tag_id WHERE at.article_id = ? 
2020-04-07 21:12:55.267 [http-nio-8080-exec-10] DEBUG c.p.p.mapper.ArticleMapper.selectTagsByArticleId - ====> Parameters: 1(Long)
2020-04-07 21:12:55.267 [http-nio-8080-exec-10] DEBUG c.p.p.mapper.ArticleMapper.selectTagsByArticleId - <====      Total: 3
2020-04-07 21:12:55.268 [http-nio-8080-exec-10] DEBUG c.ponking.pblog.mapper.ArticleMapper.selectOneDTO - <==      Total: 1
2020-04-07 21:12:57.398 [http-nio-8080-exec-2] DEBUG com.ponking.pblog.mapper.ArticleMapper.selectById - ==>  Preparing: SELECT id,title,summary,image,content,content_md,category_id,create_time,update_time,top,commented,original,source_url,visits,status FROM blog_article WHERE id=? 
2020-04-07 21:12:57.398 [http-nio-8080-exec-2] DEBUG com.ponking.pblog.mapper.ArticleMapper.selectById - ==> Parameters: 1(Long)
2020-04-07 21:12:57.399 [http-nio-8080-exec-2] DEBUG com.ponking.pblog.mapper.ArticleMapper.selectById - <==      Total: 1
2020-04-07 21:12:57.400 [http-nio-8080-exec-2] DEBUG com.ponking.pblog.mapper.ArticleMapper.selectCount - ==>  Preparing: SELECT COUNT( 1 ) FROM blog_article WHERE title = ? 
2020-04-07 21:12:57.400 [http-nio-8080-exec-2] DEBUG com.ponking.pblog.mapper.ArticleMapper.selectCount - ==> Parameters: hello world My blog!(String)
2020-04-07 21:12:57.401 [http-nio-8080-exec-2] DEBUG com.ponking.pblog.mapper.ArticleMapper.selectCount - <==      Total: 1
2020-04-07 21:12:57.402 [http-nio-8080-exec-2] DEBUG com.ponking.pblog.mapper.ArticleMapper.updateById - ==>  Preparing: UPDATE blog_article SET title=?, summary=?, content=?, content_md=?, category_id=?, top=?, commented=?, original=?, status=? WHERE id=? 
2020-04-07 21:12:57.402 [http-nio-8080-exec-2] DEBUG com.ponking.pblog.mapper.ArticleMapper.updateById - ==> Parameters: hello world My blog!(String), 你好，世界(String), <h1><a id="Hello_World_0"></a>Hello World</h1>
<p>你好，世界。<br />
欢迎使用本博客系统。<br />
写博客需要坚持，一起努力加油吧！</p>
(String), # Hello World
你好，世界。
欢迎使用本博客系统。
写博客需要坚持，一起努力加油吧！(String), 1(Long), 0(Integer), 0(Integer), 0(Integer), 1(Integer), 1(Long)
2020-04-07 21:12:57.406 [http-nio-8080-exec-2] DEBUG com.ponking.pblog.mapper.ArticleMapper.updateById - <==    Updates: 1
2020-04-07 21:12:57.407 [http-nio-8080-exec-2] DEBUG com.ponking.pblog.mapper.ArticleTagMapper.delete - ==>  Preparing: DELETE FROM blog_article_tag WHERE article_id = ? 
2020-04-07 21:12:57.408 [http-nio-8080-exec-2] DEBUG com.ponking.pblog.mapper.ArticleTagMapper.delete - ==> Parameters: 1(Long)
2020-04-07 21:12:57.408 [http-nio-8080-exec-2] DEBUG com.ponking.pblog.mapper.ArticleTagMapper.delete - <==    Updates: 3
2020-04-07 21:12:57.409 [http-nio-8080-exec-2] DEBUG com.ponking.pblog.mapper.ArticleTagMapper.insert - ==>  Preparing: INSERT INTO blog_article_tag ( article_id, tag_id ) VALUES ( ?, ? ) 
2020-04-07 21:12:57.410 [http-nio-8080-exec-2] DEBUG com.ponking.pblog.mapper.ArticleTagMapper.insert - ==> Parameters: 1(Long), 1(Long)
2020-04-07 21:12:57.410 [http-nio-8080-exec-2] DEBUG com.ponking.pblog.mapper.ArticleTagMapper.insert - ==> Parameters: 1(Long), 2(Long)
2020-04-07 21:12:57.410 [http-nio-8080-exec-2] DEBUG com.ponking.pblog.mapper.ArticleTagMapper.insert - ==> Parameters: 1(Long), 4(Long)
2020-04-07 21:12:59.087 [http-nio-8080-exec-5] DEBUG com.ponking.pblog.mapper.TagMapper.selectList - ==>  Preparing: SELECT id,name FROM blog_tag 
2020-04-07 21:12:59.087 [http-nio-8080-exec-5] DEBUG com.ponking.pblog.mapper.TagMapper.selectList - ==> Parameters: 
2020-04-07 21:12:59.088 [http-nio-8080-exec-5] DEBUG com.ponking.pblog.mapper.TagMapper.selectList - <==      Total: 7
2020-04-07 21:12:59.390 [http-nio-8080-exec-1] DEBUG com.ponking.pblog.mapper.CategoryMapper.selectList - ==>  Preparing: SELECT id,name FROM blog_category 
2020-04-07 21:12:59.390 [http-nio-8080-exec-1] DEBUG com.ponking.pblog.mapper.CategoryMapper.selectList - ==> Parameters: 
2020-04-07 21:12:59.391 [http-nio-8080-exec-1] DEBUG com.ponking.pblog.mapper.CategoryMapper.selectList - <==      Total: 8
2020-04-07 21:12:59.391 [http-nio-8080-exec-6] DEBUG c.ponking.pblog.mapper.ArticleMapper.selectOneDTO - ==>  Preparing: SELECT id,title,summary,image,content,content_md,category_id, update_time,top,commented,original,source_url,status FROM blog_article WHERE id = ? 
2020-04-07 21:12:59.392 [http-nio-8080-exec-6] DEBUG c.ponking.pblog.mapper.ArticleMapper.selectOneDTO - ==> Parameters: 1(Integer)
2020-04-07 21:12:59.395 [http-nio-8080-exec-6] DEBUG c.p.p.mapper.ArticleMapper.selectTagsByArticleId - ====>  Preparing: SELECT t.id FROM blog_article_tag at RIGHT JOIN blog_tag t on t.id = at.tag_id WHERE at.article_id = ? 
2020-04-07 21:12:59.395 [http-nio-8080-exec-6] DEBUG c.p.p.mapper.ArticleMapper.selectTagsByArticleId - ====> Parameters: 1(Long)
2020-04-07 21:12:59.396 [http-nio-8080-exec-6] DEBUG c.p.p.mapper.ArticleMapper.selectTagsByArticleId - <====      Total: 3
2020-04-07 21:12:59.396 [http-nio-8080-exec-6] DEBUG c.ponking.pblog.mapper.ArticleMapper.selectOneDTO - <==      Total: 1
2020-04-07 21:13:00.654 [http-nio-8080-exec-7] DEBUG com.ponking.pblog.mapper.ArticleMapper.selectById - ==>  Preparing: SELECT id,title,summary,image,content,content_md,category_id,create_time,update_time,top,commented,original,source_url,visits,status FROM blog_article WHERE id=? 
2020-04-07 21:13:00.654 [http-nio-8080-exec-7] DEBUG com.ponking.pblog.mapper.ArticleMapper.selectById - ==> Parameters: 1(Long)
2020-04-07 21:13:00.655 [http-nio-8080-exec-7] DEBUG com.ponking.pblog.mapper.ArticleMapper.selectById - <==      Total: 1
2020-04-07 21:13:00.656 [http-nio-8080-exec-7] DEBUG com.ponking.pblog.mapper.ArticleMapper.selectCount - ==>  Preparing: SELECT COUNT( 1 ) FROM blog_article WHERE title = ? 
2020-04-07 21:13:00.656 [http-nio-8080-exec-7] DEBUG com.ponking.pblog.mapper.ArticleMapper.selectCount - ==> Parameters: hello world My blog!(String)
2020-04-07 21:13:00.657 [http-nio-8080-exec-7] DEBUG com.ponking.pblog.mapper.ArticleMapper.selectCount - <==      Total: 1
2020-04-07 21:13:00.658 [http-nio-8080-exec-7] DEBUG com.ponking.pblog.mapper.ArticleMapper.updateById - ==>  Preparing: UPDATE blog_article SET title=?, summary=?, content=?, content_md=?, category_id=?, top=?, commented=?, original=?, status=? WHERE id=? 
2020-04-07 21:13:00.659 [http-nio-8080-exec-7] DEBUG com.ponking.pblog.mapper.ArticleMapper.updateById - ==> Parameters: hello world My blog!(String), 你好，世界(String), <h1><a id="Hello_World_0"></a>Hello World</h1>
<p>你好，世界。<br />
欢迎使用本博客系统。<br />
写博客需要坚持，一起努力加油吧！</p>
(String), # Hello World
你好，世界。
欢迎使用本博客系统。
写博客需要坚持，一起努力加油吧！(String), 1(Long), 0(Integer), 0(Integer), 0(Integer), 0(Integer), 1(Long)
2020-04-07 21:13:00.660 [http-nio-8080-exec-7] DEBUG com.ponking.pblog.mapper.ArticleMapper.updateById - <==    Updates: 1
2020-04-07 21:13:00.662 [http-nio-8080-exec-7] DEBUG com.ponking.pblog.mapper.ArticleTagMapper.delete - ==>  Preparing: DELETE FROM blog_article_tag WHERE article_id = ? 
2020-04-07 21:13:00.662 [http-nio-8080-exec-7] DEBUG com.ponking.pblog.mapper.ArticleTagMapper.delete - ==> Parameters: 1(Long)
2020-04-07 21:13:00.663 [http-nio-8080-exec-7] DEBUG com.ponking.pblog.mapper.ArticleTagMapper.delete - <==    Updates: 3
2020-04-07 21:13:00.664 [http-nio-8080-exec-7] DEBUG com.ponking.pblog.mapper.ArticleTagMapper.insert - ==>  Preparing: INSERT INTO blog_article_tag ( article_id, tag_id ) VALUES ( ?, ? ) 
2020-04-07 21:13:00.664 [http-nio-8080-exec-7] DEBUG com.ponking.pblog.mapper.ArticleTagMapper.insert - ==> Parameters: 1(Long), 1(Long)
2020-04-07 21:13:00.664 [http-nio-8080-exec-7] DEBUG com.ponking.pblog.mapper.ArticleTagMapper.insert - ==> Parameters: 1(Long), 2(Long)
2020-04-07 21:13:00.665 [http-nio-8080-exec-7] DEBUG com.ponking.pblog.mapper.ArticleTagMapper.insert - ==> Parameters: 1(Long), 4(Long)
2020-04-07 21:13:02.569 [http-nio-8080-exec-9] DEBUG com.ponking.pblog.mapper.TagMapper.selectList - ==>  Preparing: SELECT id,name FROM blog_tag 
2020-04-07 21:13:02.569 [http-nio-8080-exec-9] DEBUG com.ponking.pblog.mapper.TagMapper.selectList - ==> Parameters: 
2020-04-07 21:13:02.570 [http-nio-8080-exec-3] DEBUG com.ponking.pblog.mapper.CategoryMapper.selectList - ==>  Preparing: SELECT id,name FROM blog_category 
2020-04-07 21:13:02.570 [http-nio-8080-exec-3] DEBUG com.ponking.pblog.mapper.CategoryMapper.selectList - ==> Parameters: 
2020-04-07 21:13:02.570 [http-nio-8080-exec-9] DEBUG com.ponking.pblog.mapper.TagMapper.selectList - <==      Total: 7
2020-04-07 21:13:02.570 [http-nio-8080-exec-3] DEBUG com.ponking.pblog.mapper.CategoryMapper.selectList - <==      Total: 8
2020-04-07 21:13:02.870 [http-nio-8080-exec-10] DEBUG c.ponking.pblog.mapper.ArticleMapper.selectOneDTO - ==>  Preparing: SELECT id,title,summary,image,content,content_md,category_id, update_time,top,commented,original,source_url,status FROM blog_article WHERE id = ? 
2020-04-07 21:13:02.870 [http-nio-8080-exec-10] DEBUG c.ponking.pblog.mapper.ArticleMapper.selectOneDTO - ==> Parameters: 1(Integer)
2020-04-07 21:13:02.872 [http-nio-8080-exec-10] DEBUG c.p.p.mapper.ArticleMapper.selectTagsByArticleId - ====>  Preparing: SELECT t.id FROM blog_article_tag at RIGHT JOIN blog_tag t on t.id = at.tag_id WHERE at.article_id = ? 
2020-04-07 21:13:02.872 [http-nio-8080-exec-10] DEBUG c.p.p.mapper.ArticleMapper.selectTagsByArticleId - ====> Parameters: 1(Long)
2020-04-07 21:13:02.873 [http-nio-8080-exec-10] DEBUG c.p.p.mapper.ArticleMapper.selectTagsByArticleId - <====      Total: 3
2020-04-07 21:13:02.873 [http-nio-8080-exec-10] DEBUG c.ponking.pblog.mapper.ArticleMapper.selectOneDTO - <==      Total: 1
2020-04-07 21:14:01.697 [http-nio-8080-exec-2] DEBUG com.ponking.pblog.mapper.TagMapper.selectPage - ==>  Preparing: SELECT COUNT(1) FROM blog_tag 
2020-04-07 21:14:01.698 [http-nio-8080-exec-2] DEBUG com.ponking.pblog.mapper.TagMapper.selectPage - ==> Parameters: 
2020-04-07 21:14:01.699 [http-nio-8080-exec-2] DEBUG com.ponking.pblog.mapper.TagMapper.selectPage - ==>  Preparing: SELECT id,name FROM blog_tag LIMIT ?,? 
2020-04-07 21:14:01.699 [http-nio-8080-exec-2] DEBUG com.ponking.pblog.mapper.TagMapper.selectPage - ==> Parameters: 0(Long), 10(Long)
2020-04-07 21:14:01.700 [http-nio-8080-exec-2] DEBUG com.ponking.pblog.mapper.TagMapper.selectPage - <==      Total: 7
2020-04-07 21:14:02.693 [http-nio-8080-exec-4] DEBUG com.ponking.pblog.mapper.CategoryMapper.selectPage - ==>  Preparing: SELECT COUNT(1) FROM blog_category 
2020-04-07 21:14:02.694 [http-nio-8080-exec-4] DEBUG com.ponking.pblog.mapper.CategoryMapper.selectPage - ==> Parameters: 
2020-04-07 21:14:02.695 [http-nio-8080-exec-4] DEBUG com.ponking.pblog.mapper.CategoryMapper.selectPage - ==>  Preparing: SELECT id,name FROM blog_category LIMIT ?,? 
2020-04-07 21:14:02.695 [http-nio-8080-exec-4] DEBUG com.ponking.pblog.mapper.CategoryMapper.selectPage - ==> Parameters: 0(Long), 10(Long)
2020-04-07 21:14:02.696 [http-nio-8080-exec-4] DEBUG com.ponking.pblog.mapper.CategoryMapper.selectPage - <==      Total: 8
2020-04-07 21:14:04.365 [http-nio-8080-exec-1] DEBUG com.ponking.pblog.mapper.CategoryMapper.selectList - ==>  Preparing: SELECT id,name FROM blog_category 
2020-04-07 21:14:04.365 [http-nio-8080-exec-1] DEBUG com.ponking.pblog.mapper.CategoryMapper.selectList - ==> Parameters: 
2020-04-07 21:14:04.366 [http-nio-8080-exec-1] DEBUG com.ponking.pblog.mapper.CategoryMapper.selectList - <==      Total: 8
2020-04-07 21:14:04.370 [http-nio-8080-exec-5] DEBUG com.ponking.pblog.mapper.ArticleMapper.selectPage - ==>  Preparing: SELECT COUNT(1) FROM ( SELECT id,title,summary,image,content,content_md,category_id,create_time,update_time,top,commented,original,source_url,visits,status FROM blog_article ) TOTAL 
2020-04-07 21:14:04.370 [http-nio-8080-exec-5] DEBUG com.ponking.pblog.mapper.ArticleMapper.selectPage - ==> Parameters: 
2020-04-07 21:14:04.372 [http-nio-8080-exec-5] DEBUG com.ponking.pblog.mapper.ArticleMapper.selectPage - ==>  Preparing: SELECT id,title,summary,image,content,content_md,category_id,create_time,update_time,top,commented,original,source_url,visits,status FROM blog_article LIMIT ?,? 
2020-04-07 21:14:04.372 [http-nio-8080-exec-5] DEBUG com.ponking.pblog.mapper.ArticleMapper.selectPage - ==> Parameters: 0(Long), 10(Long)
2020-04-07 21:14:04.373 [http-nio-8080-exec-5] DEBUG com.ponking.pblog.mapper.ArticleMapper.selectPage - <==      Total: 9
2020-04-07 21:14:05.760 [http-nio-8080-exec-6] DEBUG com.ponking.pblog.mapper.TagMapper.selectList - ==>  Preparing: SELECT id,name FROM blog_tag 
2020-04-07 21:14:05.760 [http-nio-8080-exec-6] DEBUG com.ponking.pblog.mapper.TagMapper.selectList - ==> Parameters: 
2020-04-07 21:14:05.761 [http-nio-8080-exec-6] DEBUG com.ponking.pblog.mapper.TagMapper.selectList - <==      Total: 7
2020-04-07 21:14:06.059 [http-nio-8080-exec-7] DEBUG com.ponking.pblog.mapper.CategoryMapper.selectList - ==>  Preparing: SELECT id,name FROM blog_category 
2020-04-07 21:14:06.059 [http-nio-8080-exec-7] DEBUG com.ponking.pblog.mapper.CategoryMapper.selectList - ==> Parameters: 
2020-04-07 21:14:06.060 [http-nio-8080-exec-7] DEBUG com.ponking.pblog.mapper.CategoryMapper.selectList - <==      Total: 8
2020-04-07 21:14:09.387 [http-nio-8080-exec-8] DEBUG com.ponking.pblog.mapper.ArticleMapper.selectPage - ==>  Preparing: SELECT COUNT(1) FROM ( SELECT id,title,summary,image,content,content_md,category_id,create_time,update_time,top,commented,original,source_url,visits,status FROM blog_article ) TOTAL 
2020-04-07 21:14:09.388 [http-nio-8080-exec-9] DEBUG com.ponking.pblog.mapper.CategoryMapper.selectList - ==>  Preparing: SELECT id,name FROM blog_category 
2020-04-07 21:14:09.388 [http-nio-8080-exec-8] DEBUG com.ponking.pblog.mapper.ArticleMapper.selectPage - ==> Parameters: 
2020-04-07 21:14:09.388 [http-nio-8080-exec-9] DEBUG com.ponking.pblog.mapper.CategoryMapper.selectList - ==> Parameters: 
2020-04-07 21:14:09.388 [http-nio-8080-exec-9] DEBUG com.ponking.pblog.mapper.CategoryMapper.selectList - <==      Total: 8
2020-04-07 21:14:09.389 [http-nio-8080-exec-8] DEBUG com.ponking.pblog.mapper.ArticleMapper.selectPage - ==>  Preparing: SELECT id,title,summary,image,content,content_md,category_id,create_time,update_time,top,commented,original,source_url,visits,status FROM blog_article LIMIT ?,? 
2020-04-07 21:14:09.389 [http-nio-8080-exec-8] DEBUG com.ponking.pblog.mapper.ArticleMapper.selectPage - ==> Parameters: 0(Long), 10(Long)
2020-04-07 21:14:09.390 [http-nio-8080-exec-8] DEBUG com.ponking.pblog.mapper.ArticleMapper.selectPage - <==      Total: 9
2020-04-07 21:14:09.516 [http-nio-8080-exec-3] DEBUG com.ponking.pblog.mapper.CategoryMapper.selectPage - ==>  Preparing: SELECT COUNT(1) FROM blog_category 
2020-04-07 21:14:09.516 [http-nio-8080-exec-3] DEBUG com.ponking.pblog.mapper.CategoryMapper.selectPage - ==> Parameters: 
2020-04-07 21:14:09.517 [http-nio-8080-exec-3] DEBUG com.ponking.pblog.mapper.CategoryMapper.selectPage - ==>  Preparing: SELECT id,name FROM blog_category LIMIT ?,? 
2020-04-07 21:14:09.517 [http-nio-8080-exec-3] DEBUG com.ponking.pblog.mapper.CategoryMapper.selectPage - ==> Parameters: 0(Long), 10(Long)
2020-04-07 21:14:09.518 [http-nio-8080-exec-3] DEBUG com.ponking.pblog.mapper.CategoryMapper.selectPage - <==      Total: 8
2020-04-07 21:14:10.463 [http-nio-8080-exec-10] DEBUG com.ponking.pblog.mapper.TagMapper.selectList - ==>  Preparing: SELECT id,name FROM blog_tag 
2020-04-07 21:14:10.463 [http-nio-8080-exec-10] DEBUG com.ponking.pblog.mapper.TagMapper.selectList - ==> Parameters: 
2020-04-07 21:14:10.464 [http-nio-8080-exec-10] DEBUG com.ponking.pblog.mapper.TagMapper.selectList - <==      Total: 7
2020-04-07 21:14:10.766 [http-nio-8080-exec-2] DEBUG com.ponking.pblog.mapper.CategoryMapper.selectList - ==>  Preparing: SELECT id,name FROM blog_category 
2020-04-07 21:14:10.766 [http-nio-8080-exec-2] DEBUG com.ponking.pblog.mapper.CategoryMapper.selectList - ==> Parameters: 
2020-04-07 21:14:10.766 [http-nio-8080-exec-4] DEBUG c.ponking.pblog.mapper.ArticleMapper.selectOneDTO - ==>  Preparing: SELECT id,title,summary,image,content,content_md,category_id, update_time,top,commented,original,source_url,status FROM blog_article WHERE id = ? 
2020-04-07 21:14:10.766 [http-nio-8080-exec-4] DEBUG c.ponking.pblog.mapper.ArticleMapper.selectOneDTO - ==> Parameters: 1(Integer)
2020-04-07 21:14:10.767 [http-nio-8080-exec-2] DEBUG com.ponking.pblog.mapper.CategoryMapper.selectList - <==      Total: 8
2020-04-07 21:14:10.768 [http-nio-8080-exec-4] DEBUG c.p.p.mapper.ArticleMapper.selectTagsByArticleId - ====>  Preparing: SELECT t.id FROM blog_article_tag at RIGHT JOIN blog_tag t on t.id = at.tag_id WHERE at.article_id = ? 
2020-04-07 21:14:10.768 [http-nio-8080-exec-4] DEBUG c.p.p.mapper.ArticleMapper.selectTagsByArticleId - ====> Parameters: 1(Long)
2020-04-07 21:14:10.770 [http-nio-8080-exec-4] DEBUG c.p.p.mapper.ArticleMapper.selectTagsByArticleId - <====      Total: 3
2020-04-07 21:14:10.770 [http-nio-8080-exec-4] DEBUG c.ponking.pblog.mapper.ArticleMapper.selectOneDTO - <==      Total: 1
2020-04-07 21:18:37.352 [restartedMain] DEBUG com.ponking.pblog.PBlogApplication - Running with Spring Boot v2.1.10.RELEASE, Spring v5.1.11.RELEASE
2020-04-07 21:18:41.018 [restartedMain] DEBUG com.ponking.pblog.PBlogApplication - Running with Spring Boot v2.1.10.RELEASE, Spring v5.1.11.RELEASE
2020-04-07 21:19:06.068 [restartedMain] DEBUG com.ponking.pblog.PBlogApplication - Running with Spring Boot v2.1.10.RELEASE, Spring v5.1.11.RELEASE
2020-04-07 21:32:34.274 [restartedMain] DEBUG com.ponking.pblog.PBlogApplication - Running with Spring Boot v2.1.10.RELEASE, Spring v5.1.11.RELEASE
2020-04-07 21:32:55.955 [restartedMain] DEBUG com.ponking.pblog.PBlogApplication - Running with Spring Boot v2.1.10.RELEASE, Spring v5.1.11.RELEASE
2020-04-07 21:33:09.125 [restartedMain] DEBUG com.ponking.pblog.PBlogApplication - Running with Spring Boot v2.1.10.RELEASE, Spring v5.1.11.RELEASE
2020-04-07 21:33:17.750 [restartedMain] DEBUG com.ponking.pblog.PBlogApplication - Running with Spring Boot v2.1.10.RELEASE, Spring v5.1.11.RELEASE
2020-04-07 21:39:13.574 [restartedMain] DEBUG com.ponking.pblog.PBlogApplication - Running with Spring Boot v2.1.10.RELEASE, Spring v5.1.11.RELEASE
2020-04-07 21:41:06.795 [restartedMain] DEBUG com.ponking.pblog.PBlogApplication - Running with Spring Boot v2.1.10.RELEASE, Spring v5.1.11.RELEASE
2020-04-07 21:42:41.995 [restartedMain] DEBUG com.ponking.pblog.PBlogApplication - Running with Spring Boot v2.1.10.RELEASE, Spring v5.1.11.RELEASE
2020-04-07 21:43:37.574 [restartedMain] DEBUG com.ponking.pblog.PBlogApplication - Running with Spring Boot v2.1.10.RELEASE, Spring v5.1.11.RELEASE
2020-04-07 21:44:16.989 [restartedMain] DEBUG com.ponking.pblog.PBlogApplication - Running with Spring Boot v2.1.10.RELEASE, Spring v5.1.11.RELEASE
2020-04-07 21:45:34.241 [restartedMain] DEBUG com.ponking.pblog.PBlogApplication - Running with Spring Boot v2.1.10.RELEASE, Spring v5.1.11.RELEASE
2020-04-07 21:45:58.945 [restartedMain] DEBUG com.ponking.pblog.PBlogApplication - Running with Spring Boot v2.1.10.RELEASE, Spring v5.1.11.RELEASE
2020-04-07 21:47:07.997 [restartedMain] DEBUG com.ponking.pblog.PBlogApplication - Running with Spring Boot v2.1.10.RELEASE, Spring v5.1.11.RELEASE
2020-04-07 22:12:46.800 [restartedMain] DEBUG com.ponking.pblog.PBlogApplication - Running with Spring Boot v2.1.10.RELEASE, Spring v5.1.11.RELEASE
2020-04-07 22:16:01.675 [restartedMain] DEBUG com.ponking.pblog.PBlogApplication - Running with Spring Boot v2.1.10.RELEASE, Spring v5.1.11.RELEASE
2020-04-07 22:16:05.520 [restartedMain] DEBUG com.ponking.pblog.PBlogApplication - Running with Spring Boot v2.1.10.RELEASE, Spring v5.1.11.RELEASE
2020-04-07 22:21:03.911 [restartedMain] DEBUG com.ponking.pblog.PBlogApplication - Running with Spring Boot v2.1.10.RELEASE, Spring v5.1.11.RELEASE
2020-04-07 22:23:14.222 [http-nio-8080-exec-2] DEBUG com.ponking.pblog.mapper.TagMapper.selectList - ==>  Preparing: SELECT id,name FROM blog_tag 
2020-04-07 22:23:14.222 [http-nio-8080-exec-1] DEBUG com.ponking.pblog.mapper.CategoryMapper.selectList - ==>  Preparing: SELECT id,name FROM blog_category 
2020-04-07 22:23:14.352 [http-nio-8080-exec-2] DEBUG com.ponking.pblog.mapper.TagMapper.selectList - ==> Parameters: 
2020-04-07 22:23:14.352 [http-nio-8080-exec-1] DEBUG com.ponking.pblog.mapper.CategoryMapper.selectList - ==> Parameters: 
2020-04-07 22:23:14.404 [http-nio-8080-exec-2] DEBUG com.ponking.pblog.mapper.TagMapper.selectList - <==      Total: 7
2020-04-07 22:23:14.405 [http-nio-8080-exec-1] DEBUG com.ponking.pblog.mapper.CategoryMapper.selectList - <==      Total: 8
2020-04-07 22:25:00.911 [http-nio-8080-exec-5] DEBUG com.ponking.pblog.mapper.ArticleMapper.selectCount - ==>  Preparing: SELECT COUNT( 1 ) FROM blog_article WHERE title = ? 
2020-04-07 22:25:00.912 [http-nio-8080-exec-5] DEBUG com.ponking.pblog.mapper.ArticleMapper.selectCount - ==> Parameters: 1005 Spell It Right (20 分)(String)
2020-04-07 22:25:00.919 [http-nio-8080-exec-5] DEBUG com.ponking.pblog.mapper.ArticleMapper.selectCount - <==      Total: 1
2020-04-07 22:25:00.942 [http-nio-8080-exec-5] DEBUG com.ponking.pblog.mapper.ArticleMapper.insert - ==>  Preparing: INSERT INTO blog_article ( title, summary, content_md, category_id, top, commented, original, source_url, status ) VALUES ( ?, ?, ?, ?, ?, ?, ?, ?, ? ) 
2020-04-07 22:25:00.943 [http-nio-8080-exec-5] DEBUG com.ponking.pblog.mapper.ArticleMapper.insert - ==> Parameters: 1005 Spell It Right (20 分)(String), Given a non-negative integer *N*, your task is to compute the sum of all the digits of *N*, and output every digit of the sum in English.(String), Given a non-negative integer *N*, your task is to compute the sum of all the digits of *N*, and output every digit of the sum in English.
### Input Specification:

Each input file contains one test case. Each case occupies one line which contains an *N* (≤10100).

### Output Specification:

For each test case, output in one line the digits of the sum in English words. There must be one space between two consecutive words, but no extra space at the end of a line.

### Sample Input:

```in
12345
```

### Sample Output:

```out
one five
```

题意:略.

分析:相加的sum,利用stringstream转换string,将string每一位字符转为对应的读音.

### 代码:
```
#include <iostream>
#include<string.h>
#include<sstream>

using namespace std;

int main()
{
    string num[10]={"zero","one","two","three","four","five","six","seven","eight","nine"};
    string s;
    stringstream ss;
    long long int sum=0;
    getline(cin,s);
    for(int i=0;i<s.length();i++){
        sum+=s[i]-'0';
    }
    ss<<sum;
    ss>>s;
    for(int i=0;i<s.length();i++){
        if(i!=0) cout<<" ";
        cout<<num[s[i]-'0'];
    }
    return 0;
}
```(String), 2(Long), 0(Integer), 0(Integer), 0(Integer), (String), 1(Integer)
2020-04-07 22:25:00.947 [http-nio-8080-exec-5] DEBUG com.ponking.pblog.mapper.ArticleMapper.insert - <==    Updates: 1
2020-04-07 22:25:00.958 [http-nio-8080-exec-5] DEBUG com.ponking.pblog.mapper.ArticleTagMapper.insert - ==>  Preparing: INSERT INTO blog_article_tag ( article_id, tag_id ) VALUES ( ?, ? ) 
2020-04-07 22:25:00.959 [http-nio-8080-exec-5] DEBUG com.ponking.pblog.mapper.ArticleTagMapper.insert - ==> Parameters: 13(Long), 2(Long)
2020-04-07 22:28:18.719 [restartedMain] DEBUG com.ponking.pblog.PBlogApplication - Running with Spring Boot v2.1.10.RELEASE, Spring v5.1.11.RELEASE
2020-04-07 22:29:38.131 [restartedMain] DEBUG com.ponking.pblog.PBlogApplication - Running with Spring Boot v2.1.10.RELEASE, Spring v5.1.11.RELEASE
2020-04-07 22:37:21.716 [restartedMain] DEBUG com.ponking.pblog.PBlogApplication - Running with Spring Boot v2.1.10.RELEASE, Spring v5.1.11.RELEASE
2020-04-07 22:37:27.090 [restartedMain] DEBUG com.ponking.pblog.PBlogApplication - Running with Spring Boot v2.1.10.RELEASE, Spring v5.1.11.RELEASE
2020-04-07 22:37:30.311 [restartedMain] DEBUG com.ponking.pblog.PBlogApplication - Running with Spring Boot v2.1.10.RELEASE, Spring v5.1.11.RELEASE
2020-04-07 22:42:10.819 [restartedMain] DEBUG com.ponking.pblog.PBlogApplication - Running with Spring Boot v2.1.10.RELEASE, Spring v5.1.11.RELEASE
2020-04-07 22:46:28.331 [restartedMain] DEBUG com.ponking.pblog.PBlogApplication - Running with Spring Boot v2.1.10.RELEASE, Spring v5.1.11.RELEASE
2020-04-07 22:46:30.678 [restartedMain] DEBUG com.ponking.pblog.PBlogApplication - Running with Spring Boot v2.1.10.RELEASE, Spring v5.1.11.RELEASE
2020-04-07 22:47:22.254 [restartedMain] DEBUG com.ponking.pblog.PBlogApplication - Running with Spring Boot v2.1.10.RELEASE, Spring v5.1.11.RELEASE
2020-04-07 22:47:26.082 [restartedMain] DEBUG com.ponking.pblog.PBlogApplication - Running with Spring Boot v2.1.10.RELEASE, Spring v5.1.11.RELEASE
2020-04-07 22:47:30.684 [main] DEBUG com.ponking.pblog.mapper.ArticleMapperTest - Running with Spring Boot v2.1.10.RELEASE, Spring v5.1.11.RELEASE
2020-04-07 22:47:37.882 [main] DEBUG c.p.p.mapper.ArticleMapper.selectArticleFrontList - ==>  Preparing: SELECT id,title,summary,image,category_id,create_time, update_time,top,visits FROM blog_article WHERE id = ? 
2020-04-07 22:47:37.916 [main] DEBUG c.p.p.mapper.ArticleMapper.selectArticleFrontList - ==> Parameters: null
2020-04-07 22:47:37.943 [main] DEBUG c.p.p.mapper.ArticleMapper.selectArticleFrontList - <==      Total: 0
2020-04-07 22:48:45.901 [restartedMain] DEBUG com.ponking.pblog.PBlogApplication - Running with Spring Boot v2.1.10.RELEASE, Spring v5.1.11.RELEASE
2020-04-07 22:48:48.333 [main] DEBUG com.ponking.pblog.mapper.ArticleMapperTest - Running with Spring Boot v2.1.10.RELEASE, Spring v5.1.11.RELEASE
2020-04-07 22:48:56.773 [main] DEBUG c.p.p.mapper.ArticleMapper.selectArticleFrontList - ==>  Preparing: SELECT id,title,summary,image,category_id,create_time, update_time,top,visits FROM blog_article 
2020-04-07 22:48:56.808 [main] DEBUG c.p.p.mapper.ArticleMapper.selectArticleFrontList - ==> Parameters: 
2020-04-07 22:48:56.843 [main] DEBUG c.p.p.m.ArticleMapper.selectCategoryByArticleId - ====>  Preparing: SELECT id,name FROM blog_category WHERE id = ? 
2020-04-07 22:48:56.844 [main] DEBUG c.p.p.m.ArticleMapper.selectCategoryByArticleId - ====> Parameters: 1(Long)
2020-04-07 22:48:56.846 [main] DEBUG c.p.p.m.ArticleMapper.selectCategoryByArticleId - <====      Total: 1
2020-04-07 22:51:15.989 [restartedMain] DEBUG com.ponking.pblog.PBlogApplication - Running with Spring Boot v2.1.10.RELEASE, Spring v5.1.11.RELEASE
2020-04-07 22:51:17.205 [main] DEBUG com.ponking.pblog.mapper.ArticleMapperTest - Running with Spring Boot v2.1.10.RELEASE, Spring v5.1.11.RELEASE
2020-04-07 22:51:23.407 [main] DEBUG c.p.p.mapper.ArticleMapper.selectArticleFrontList - ==>  Preparing: SELECT id,title,summary,image,category_id,create_time, update_time,top,visits FROM blog_article 
2020-04-07 22:51:23.438 [main] DEBUG c.p.p.mapper.ArticleMapper.selectArticleFrontList - ==> Parameters: 
2020-04-07 22:51:23.466 [main] DEBUG c.p.p.m.ArticleMapper.selectCategoryByArticleId - ====>  Preparing: SELECT bc.id,bc.name FROM blog_category bc WHERE bc.id = ? 
2020-04-07 22:51:23.467 [main] DEBUG c.p.p.m.ArticleMapper.selectCategoryByArticleId - ====> Parameters: 1(Long)
2020-04-07 22:51:23.468 [main] DEBUG c.p.p.m.ArticleMapper.selectCategoryByArticleId - <====      Total: 1
2020-04-07 22:51:23.469 [main] DEBUG c.p.p.m.ArticleMapper.selectCategoryByArticleId - ====>  Preparing: SELECT bc.id,bc.name FROM blog_category bc WHERE bc.id = ? 
2020-04-07 22:51:23.470 [main] DEBUG c.p.p.m.ArticleMapper.selectCategoryByArticleId - ====> Parameters: 2(Long)
2020-04-07 22:51:23.471 [main] DEBUG c.p.p.m.ArticleMapper.selectCategoryByArticleId - <====      Total: 1
2020-04-07 22:51:23.474 [main] DEBUG c.p.p.m.ArticleMapper.selectCategoryByArticleId - ====>  Preparing: SELECT bc.id,bc.name FROM blog_category bc WHERE bc.id = ? 
2020-04-07 22:51:23.474 [main] DEBUG c.p.p.m.ArticleMapper.selectCategoryByArticleId - ====> Parameters: 3(Long)
2020-04-07 22:51:23.475 [main] DEBUG c.p.p.m.ArticleMapper.selectCategoryByArticleId - <====      Total: 1
2020-04-07 22:51:23.476 [main] DEBUG c.p.p.m.ArticleMapper.selectCategoryByArticleId - ====>  Preparing: SELECT bc.id,bc.name FROM blog_category bc WHERE bc.id = ? 
2020-04-07 22:51:23.477 [main] DEBUG c.p.p.m.ArticleMapper.selectCategoryByArticleId - ====> Parameters: 5(Long)
2020-04-07 22:51:23.478 [main] DEBUG c.p.p.m.ArticleMapper.selectCategoryByArticleId - <====      Total: 1
2020-04-07 22:51:23.479 [main] DEBUG c.p.p.m.ArticleMapper.selectCategoryByArticleId - ====>  Preparing: SELECT bc.id,bc.name FROM blog_category bc WHERE bc.id = ? 
2020-04-07 22:51:23.480 [main] DEBUG c.p.p.m.ArticleMapper.selectCategoryByArticleId - ====> Parameters: 7(Long)
2020-04-07 22:51:23.481 [main] DEBUG c.p.p.m.ArticleMapper.selectCategoryByArticleId - <====      Total: 1
2020-04-07 22:51:23.484 [main] DEBUG c.p.p.mapper.ArticleMapper.selectArticleFrontList - <==      Total: 10
2020-04-07 22:52:43.322 [restartedMain] DEBUG com.ponking.pblog.PBlogApplication - Running with Spring Boot v2.1.10.RELEASE, Spring v5.1.11.RELEASE
2020-04-07 22:59:35.267 [restartedMain] DEBUG com.ponking.pblog.PBlogApplication - Running with Spring Boot v2.1.10.RELEASE, Spring v5.1.11.RELEASE
2020-04-07 23:00:31.021 [restartedMain] DEBUG com.ponking.pblog.PBlogApplication - Running with Spring Boot v2.1.10.RELEASE, Spring v5.1.11.RELEASE
2020-04-07 23:01:02.241 [http-nio-8080-exec-4] DEBUG c.p.p.mapper.ArticleMapper.selectArticleFrontList - ==>  Preparing: SELECT id,title,summary,image,category_id,create_time, update_time,top,visits FROM blog_article 
2020-04-07 23:01:02.285 [http-nio-8080-exec-4] DEBUG c.p.p.mapper.ArticleMapper.selectArticleFrontList - ==> Parameters: 
2020-04-07 23:01:02.315 [http-nio-8080-exec-4] DEBUG c.p.p.m.ArticleMapper.selectCategoryByArticleId - ====>  Preparing: SELECT bc.id,bc.name FROM blog_category bc WHERE bc.id = ? 
2020-04-07 23:01:02.316 [http-nio-8080-exec-4] DEBUG c.p.p.m.ArticleMapper.selectCategoryByArticleId - ====> Parameters: 1(Long)
2020-04-07 23:01:02.317 [http-nio-8080-exec-4] DEBUG c.p.p.m.ArticleMapper.selectCategoryByArticleId - <====      Total: 1
2020-04-07 23:01:02.319 [http-nio-8080-exec-4] DEBUG c.p.p.m.ArticleMapper.selectCategoryByArticleId - ====>  Preparing: SELECT bc.id,bc.name FROM blog_category bc WHERE bc.id = ? 
2020-04-07 23:01:02.320 [http-nio-8080-exec-4] DEBUG c.p.p.m.ArticleMapper.selectCategoryByArticleId - ====> Parameters: 2(Long)
2020-04-07 23:01:02.321 [http-nio-8080-exec-4] DEBUG c.p.p.m.ArticleMapper.selectCategoryByArticleId - <====      Total: 1
2020-04-07 23:01:02.324 [http-nio-8080-exec-4] DEBUG c.p.p.m.ArticleMapper.selectCategoryByArticleId - ====>  Preparing: SELECT bc.id,bc.name FROM blog_category bc WHERE bc.id = ? 
2020-04-07 23:01:02.325 [http-nio-8080-exec-4] DEBUG c.p.p.m.ArticleMapper.selectCategoryByArticleId - ====> Parameters: 3(Long)
2020-04-07 23:01:02.326 [http-nio-8080-exec-4] DEBUG c.p.p.m.ArticleMapper.selectCategoryByArticleId - <====      Total: 1
2020-04-07 23:01:02.327 [http-nio-8080-exec-4] DEBUG c.p.p.m.ArticleMapper.selectCategoryByArticleId - ====>  Preparing: SELECT bc.id,bc.name FROM blog_category bc WHERE bc.id = ? 
2020-04-07 23:01:02.327 [http-nio-8080-exec-4] DEBUG c.p.p.m.ArticleMapper.selectCategoryByArticleId - ====> Parameters: 5(Long)
2020-04-07 23:01:02.329 [http-nio-8080-exec-4] DEBUG c.p.p.m.ArticleMapper.selectCategoryByArticleId - <====      Total: 1
2020-04-07 23:01:02.330 [http-nio-8080-exec-4] DEBUG c.p.p.m.ArticleMapper.selectCategoryByArticleId - ====>  Preparing: SELECT bc.id,bc.name FROM blog_category bc WHERE bc.id = ? 
2020-04-07 23:01:02.331 [http-nio-8080-exec-4] DEBUG c.p.p.m.ArticleMapper.selectCategoryByArticleId - ====> Parameters: 7(Long)
2020-04-07 23:01:02.332 [http-nio-8080-exec-4] DEBUG c.p.p.m.ArticleMapper.selectCategoryByArticleId - <====      Total: 1
2020-04-07 23:01:02.335 [http-nio-8080-exec-4] DEBUG c.p.p.mapper.ArticleMapper.selectArticleFrontList - <==      Total: 10
2020-04-07 23:01:33.405 [restartedMain] DEBUG com.ponking.pblog.PBlogApplication - Running with Spring Boot v2.1.10.RELEASE, Spring v5.1.11.RELEASE
2020-04-07 23:01:53.725 [http-nio-8080-exec-1] DEBUG c.p.p.mapper.ArticleMapper.selectArticleFrontList - ==>  Preparing: SELECT id,title,summary,image,category_id,create_time, update_time,top,visits FROM blog_article 
2020-04-07 23:01:53.726 [http-nio-8080-exec-1] DEBUG c.p.p.mapper.ArticleMapper.selectArticleFrontList - ==> Parameters: 
2020-04-07 23:01:53.729 [http-nio-8080-exec-1] DEBUG c.p.p.m.ArticleMapper.selectCategoryByArticleId - ====>  Preparing: SELECT bc.id,bc.name FROM blog_category bc WHERE bc.id = ? 
2020-04-07 23:01:53.729 [http-nio-8080-exec-1] DEBUG c.p.p.m.ArticleMapper.selectCategoryByArticleId - ====> Parameters: 1(Long)
2020-04-07 23:01:53.731 [http-nio-8080-exec-1] DEBUG c.p.p.m.ArticleMapper.selectCategoryByArticleId - <====      Total: 1
2020-04-07 23:01:53.732 [http-nio-8080-exec-1] DEBUG c.p.p.m.ArticleMapper.selectCategoryByArticleId - ====>  Preparing: SELECT bc.id,bc.name FROM blog_category bc WHERE bc.id = ? 
2020-04-07 23:01:53.733 [http-nio-8080-exec-1] DEBUG c.p.p.m.ArticleMapper.selectCategoryByArticleId - ====> Parameters: 2(Long)
2020-04-07 23:01:53.734 [http-nio-8080-exec-1] DEBUG c.p.p.m.ArticleMapper.selectCategoryByArticleId - <====      Total: 1
2020-04-07 23:01:53.736 [http-nio-8080-exec-1] DEBUG c.p.p.m.ArticleMapper.selectCategoryByArticleId - ====>  Preparing: SELECT bc.id,bc.name FROM blog_category bc WHERE bc.id = ? 
2020-04-07 23:01:53.736 [http-nio-8080-exec-1] DEBUG c.p.p.m.ArticleMapper.selectCategoryByArticleId - ====> Parameters: 3(Long)
2020-04-07 23:01:53.737 [http-nio-8080-exec-1] DEBUG c.p.p.m.ArticleMapper.selectCategoryByArticleId - <====      Total: 1
2020-04-07 23:01:53.738 [http-nio-8080-exec-1] DEBUG c.p.p.m.ArticleMapper.selectCategoryByArticleId - ====>  Preparing: SELECT bc.id,bc.name FROM blog_category bc WHERE bc.id = ? 
2020-04-07 23:01:53.738 [http-nio-8080-exec-1] DEBUG c.p.p.m.ArticleMapper.selectCategoryByArticleId - ====> Parameters: 5(Long)
2020-04-07 23:01:53.739 [http-nio-8080-exec-1] DEBUG c.p.p.m.ArticleMapper.selectCategoryByArticleId - <====      Total: 1
2020-04-07 23:01:53.740 [http-nio-8080-exec-1] DEBUG c.p.p.m.ArticleMapper.selectCategoryByArticleId - ====>  Preparing: SELECT bc.id,bc.name FROM blog_category bc WHERE bc.id = ? 
2020-04-07 23:01:53.741 [http-nio-8080-exec-1] DEBUG c.p.p.m.ArticleMapper.selectCategoryByArticleId - ====> Parameters: 7(Long)
2020-04-07 23:01:53.742 [http-nio-8080-exec-1] DEBUG c.p.p.m.ArticleMapper.selectCategoryByArticleId - <====      Total: 1
2020-04-07 23:01:53.743 [http-nio-8080-exec-1] DEBUG c.p.p.mapper.ArticleMapper.selectArticleFrontList - <==      Total: 10
2020-04-07 23:02:05.890 [http-nio-8080-exec-3] DEBUG c.p.p.mapper.ArticleMapper.selectArticleFrontList - ==>  Preparing: SELECT id,title,summary,image,category_id,create_time, update_time,top,visits FROM blog_article 
2020-04-07 23:02:05.891 [http-nio-8080-exec-3] DEBUG c.p.p.mapper.ArticleMapper.selectArticleFrontList - ==> Parameters: 
2020-04-07 23:02:05.893 [http-nio-8080-exec-3] DEBUG c.p.p.m.ArticleMapper.selectCategoryByArticleId - ====>  Preparing: SELECT bc.id,bc.name FROM blog_category bc WHERE bc.id = ? 
2020-04-07 23:02:05.894 [http-nio-8080-exec-3] DEBUG c.p.p.m.ArticleMapper.selectCategoryByArticleId - ====> Parameters: 1(Long)
2020-04-07 23:02:05.895 [http-nio-8080-exec-3] DEBUG c.p.p.m.ArticleMapper.selectCategoryByArticleId - <====      Total: 1
2020-04-07 23:02:05.896 [http-nio-8080-exec-3] DEBUG c.p.p.m.ArticleMapper.selectCategoryByArticleId - ====>  Preparing: SELECT bc.id,bc.name FROM blog_category bc WHERE bc.id = ? 
2020-04-07 23:02:05.897 [http-nio-8080-exec-3] DEBUG c.p.p.m.ArticleMapper.selectCategoryByArticleId - ====> Parameters: 2(Long)
2020-04-07 23:02:05.898 [http-nio-8080-exec-3] DEBUG c.p.p.m.ArticleMapper.selectCategoryByArticleId - <====      Total: 1
2020-04-07 23:02:05.901 [http-nio-8080-exec-3] DEBUG c.p.p.m.ArticleMapper.selectCategoryByArticleId - ====>  Preparing: SELECT bc.id,bc.name FROM blog_category bc WHERE bc.id = ? 
2020-04-07 23:02:05.902 [http-nio-8080-exec-3] DEBUG c.p.p.m.ArticleMapper.selectCategoryByArticleId - ====> Parameters: 3(Long)
2020-04-07 23:02:05.905 [http-nio-8080-exec-3] DEBUG c.p.p.m.ArticleMapper.selectCategoryByArticleId - <====      Total: 1
2020-04-07 23:02:05.908 [http-nio-8080-exec-3] DEBUG c.p.p.m.ArticleMapper.selectCategoryByArticleId - ====>  Preparing: SELECT bc.id,bc.name FROM blog_category bc WHERE bc.id = ? 
2020-04-07 23:02:05.908 [http-nio-8080-exec-3] DEBUG c.p.p.m.ArticleMapper.selectCategoryByArticleId - ====> Parameters: 5(Long)
2020-04-07 23:02:05.909 [http-nio-8080-exec-3] DEBUG c.p.p.m.ArticleMapper.selectCategoryByArticleId - <====      Total: 1
2020-04-07 23:02:05.912 [http-nio-8080-exec-3] DEBUG c.p.p.m.ArticleMapper.selectCategoryByArticleId - ====>  Preparing: SELECT bc.id,bc.name FROM blog_category bc WHERE bc.id = ? 
2020-04-07 23:02:05.912 [http-nio-8080-exec-3] DEBUG c.p.p.m.ArticleMapper.selectCategoryByArticleId - ====> Parameters: 7(Long)
2020-04-07 23:02:05.913 [http-nio-8080-exec-3] DEBUG c.p.p.m.ArticleMapper.selectCategoryByArticleId - <====      Total: 1
2020-04-07 23:02:05.914 [http-nio-8080-exec-3] DEBUG c.p.p.mapper.ArticleMapper.selectArticleFrontList - <==      Total: 10
2020-04-07 23:03:19.526 [http-nio-8080-exec-2] DEBUG c.p.p.mapper.ArticleMapper.selectArticleFrontList - ==>  Preparing: SELECT id,title,summary,image,category_id,create_time, update_time,top,visits FROM blog_article 
2020-04-07 23:03:19.527 [http-nio-8080-exec-2] DEBUG c.p.p.mapper.ArticleMapper.selectArticleFrontList - ==> Parameters: 
2020-04-07 23:03:19.530 [http-nio-8080-exec-2] DEBUG c.p.p.m.ArticleMapper.selectCategoryByArticleId - ====>  Preparing: SELECT bc.id,bc.name FROM blog_category bc WHERE bc.id = ? 
2020-04-07 23:03:19.530 [http-nio-8080-exec-2] DEBUG c.p.p.m.ArticleMapper.selectCategoryByArticleId - ====> Parameters: 1(Long)
2020-04-07 23:03:19.531 [http-nio-8080-exec-2] DEBUG c.p.p.m.ArticleMapper.selectCategoryByArticleId - <====      Total: 1
2020-04-07 23:03:19.532 [http-nio-8080-exec-2] DEBUG c.p.p.m.ArticleMapper.selectCategoryByArticleId - ====>  Preparing: SELECT bc.id,bc.name FROM blog_category bc WHERE bc.id = ? 
2020-04-07 23:03:19.532 [http-nio-8080-exec-2] DEBUG c.p.p.m.ArticleMapper.selectCategoryByArticleId - ====> Parameters: 2(Long)
2020-04-07 23:03:19.533 [http-nio-8080-exec-2] DEBUG c.p.p.m.ArticleMapper.selectCategoryByArticleId - <====      Total: 1
2020-04-07 23:03:19.535 [http-nio-8080-exec-2] DEBUG c.p.p.m.ArticleMapper.selectCategoryByArticleId - ====>  Preparing: SELECT bc.id,bc.name FROM blog_category bc WHERE bc.id = ? 
2020-04-07 23:03:19.535 [http-nio-8080-exec-2] DEBUG c.p.p.m.ArticleMapper.selectCategoryByArticleId - ====> Parameters: 3(Long)
2020-04-07 23:03:19.536 [http-nio-8080-exec-2] DEBUG c.p.p.m.ArticleMapper.selectCategoryByArticleId - <====      Total: 1
2020-04-07 23:03:19.537 [http-nio-8080-exec-2] DEBUG c.p.p.m.ArticleMapper.selectCategoryByArticleId - ====>  Preparing: SELECT bc.id,bc.name FROM blog_category bc WHERE bc.id = ? 
2020-04-07 23:03:19.537 [http-nio-8080-exec-2] DEBUG c.p.p.m.ArticleMapper.selectCategoryByArticleId - ====> Parameters: 5(Long)
2020-04-07 23:03:19.538 [http-nio-8080-exec-2] DEBUG c.p.p.m.ArticleMapper.selectCategoryByArticleId - <====      Total: 1
2020-04-07 23:03:19.539 [http-nio-8080-exec-2] DEBUG c.p.p.m.ArticleMapper.selectCategoryByArticleId - ====>  Preparing: SELECT bc.id,bc.name FROM blog_category bc WHERE bc.id = ? 
2020-04-07 23:03:19.539 [http-nio-8080-exec-2] DEBUG c.p.p.m.ArticleMapper.selectCategoryByArticleId - ====> Parameters: 7(Long)
2020-04-07 23:03:19.540 [http-nio-8080-exec-2] DEBUG c.p.p.m.ArticleMapper.selectCategoryByArticleId - <====      Total: 1
2020-04-07 23:03:19.541 [http-nio-8080-exec-2] DEBUG c.p.p.mapper.ArticleMapper.selectArticleFrontList - <==      Total: 10
2020-04-07 23:04:07.659 [http-nio-8080-exec-5] DEBUG c.p.p.mapper.ArticleMapper.selectArticleFrontList - ==>  Preparing: SELECT id,title,summary,image,category_id,create_time, update_time,top,visits FROM blog_article 
2020-04-07 23:04:07.660 [http-nio-8080-exec-5] DEBUG c.p.p.mapper.ArticleMapper.selectArticleFrontList - ==> Parameters: 
2020-04-07 23:04:07.662 [http-nio-8080-exec-5] DEBUG c.p.p.m.ArticleMapper.selectCategoryByArticleId - ====>  Preparing: SELECT bc.id,bc.name FROM blog_category bc WHERE bc.id = ? 
2020-04-07 23:04:07.662 [http-nio-8080-exec-5] DEBUG c.p.p.m.ArticleMapper.selectCategoryByArticleId - ====> Parameters: 1(Long)
2020-04-07 23:04:07.664 [http-nio-8080-exec-5] DEBUG c.p.p.m.ArticleMapper.selectCategoryByArticleId - <====      Total: 1
2020-04-07 23:04:07.665 [http-nio-8080-exec-5] DEBUG c.p.p.m.ArticleMapper.selectCategoryByArticleId - ====>  Preparing: SELECT bc.id,bc.name FROM blog_category bc WHERE bc.id = ? 
2020-04-07 23:04:07.665 [http-nio-8080-exec-5] DEBUG c.p.p.m.ArticleMapper.selectCategoryByArticleId - ====> Parameters: 2(Long)
2020-04-07 23:04:07.666 [http-nio-8080-exec-5] DEBUG c.p.p.m.ArticleMapper.selectCategoryByArticleId - <====      Total: 1
2020-04-07 23:04:07.667 [http-nio-8080-exec-5] DEBUG c.p.p.m.ArticleMapper.selectCategoryByArticleId - ====>  Preparing: SELECT bc.id,bc.name FROM blog_category bc WHERE bc.id = ? 
2020-04-07 23:04:07.668 [http-nio-8080-exec-5] DEBUG c.p.p.m.ArticleMapper.selectCategoryByArticleId - ====> Parameters: 3(Long)
2020-04-07 23:04:07.669 [http-nio-8080-exec-5] DEBUG c.p.p.m.ArticleMapper.selectCategoryByArticleId - <====      Total: 1
2020-04-07 23:04:07.670 [http-nio-8080-exec-5] DEBUG c.p.p.m.ArticleMapper.selectCategoryByArticleId - ====>  Preparing: SELECT bc.id,bc.name FROM blog_category bc WHERE bc.id = ? 
2020-04-07 23:04:07.670 [http-nio-8080-exec-5] DEBUG c.p.p.m.ArticleMapper.selectCategoryByArticleId - ====> Parameters: 5(Long)
2020-04-07 23:04:07.671 [http-nio-8080-exec-5] DEBUG c.p.p.m.ArticleMapper.selectCategoryByArticleId - <====      Total: 1
2020-04-07 23:04:07.672 [http-nio-8080-exec-5] DEBUG c.p.p.m.ArticleMapper.selectCategoryByArticleId - ====>  Preparing: SELECT bc.id,bc.name FROM blog_category bc WHERE bc.id = ? 
2020-04-07 23:04:07.672 [http-nio-8080-exec-5] DEBUG c.p.p.m.ArticleMapper.selectCategoryByArticleId - ====> Parameters: 7(Long)
2020-04-07 23:04:07.672 [http-nio-8080-exec-5] DEBUG c.p.p.m.ArticleMapper.selectCategoryByArticleId - <====      Total: 1
2020-04-07 23:04:07.673 [http-nio-8080-exec-5] DEBUG c.p.p.mapper.ArticleMapper.selectArticleFrontList - <==      Total: 10
